[www.kenkoback.com/products/orthopedic-back-stretcher.html]
[www.kenkoback.com/products/GET]
[cdn.shopify.com/s/files/1/0357/4556/2761/t/20/assets/prefetch4520.js]
[cdn.shopify.com/s/files/1/0411/8639/4277/t/11/assets/spotlight.js]
[cdn.shopify.com/s/files/1/0411/8639/4277/t/11/assets/ymq-option.css]
[backblue.gif]
[fade.gif]
[index.html]
[option.ymq.cool/option/bottom.css]
[options.ymq.cool/option/best-options.js]
[bat.bing.com/bat.js]
[cdn.shopify.com/s/files/1/0357/4556/2761/t/4/assets/select582c.png]
[cdn.shopify.com/s/files/1/0357/4556/2761/t/20/assets/styles.scss3b95.css]
[cdn.shopify.com/s/files/1/0357/4556/2761/files/Favicon_Compressed_180x1802722.png]
[cdn.shopify.com/s/files/1/0357/4556/2761/files/Favicon_Compressed_57x572722.png]
[cdn.shopify.com/s/files/1/0357/4556/2761/files/Favicon_Compressed_60x602722.png]
[cdn.shopify.com/s/files/1/0357/4556/2761/files/Favicon_Compressed_72x722722.png]
[cdn.shopify.com/s/files/1/0357/4556/2761/files/Favicon_Compressed_76x762722.png]
[cdn.shopify.com/s/files/1/0357/4556/2761/files/Favicon_Compressed_114x1142722.png]
[cdn.shopify.com/s/files/1/0357/4556/2761/files/Favicon_Compressed_228x2282722.png]
[www.kenkoback.com/products/orthopedic-back-stretcher.oembed]
[cdn.shopify.com/shopifycloud/checkout-web/assets/checkout-web-packages_Information_NoAddressLocation_Payment_PostPurchase_Review_Shipping_ShopPay_Sho_cf13f96e.latest.en.04837ae4ff5a8e949953.js]
[cdn.shopify.com/shopifycloud/checkout-web/assets/Information_Payment_ShopPay.latest.en.84ff9c0024faf7f72c14.js]
[cdn.shopify.com/shopifycloud/checkout-web/assets/Information.latest.en.900911b3d82c82309ebf.js]
[cdn.shopify.com/shopifycloud/checkout-web/assets/checkout-web-ui_app.latest.en.86cd9328cdcd6cd3a58f.js]
[cdn.shopify.com/shopifycloud/checkout-web/assets/vendors_app.latest.en.b4546f9bffad10b3673b.js]
[cdn.shopify.com/shopifycloud/checkout-web/assets/checkout-web-packages_app.latest.en.f5154093d2604596d084.js]
[cdn.shopify.com/shopifycloud/checkout-web/assets/vendors_app.latest.en.e788719f193b49c039a3.css]
[cdn.shopify.com/shopifycloud/checkout-web/assets/app.latest.en.6b4c79ead7042980b29d.css]
[cdn.shopify.com/shopifycloud/checkout-web/assets/Information_Payment_ShopPay.latest.en.da9f06164a980bf8e7ea.css]
[cdn.shopify.com/shopifycloud/storefront-recaptcha-v3/v0.6/index.js]
[www.kenkoback.com/products/{{productHandle}}.js]
[cdn.shopify.com/s/files/1/0357/4556/2761/t/20/assets/sca.freegiftba9b.css]
[cdn.shopify.com/shopifycloud/shopify/assets/themes_support/option_selection-9f517843f664ad329c689020fb1e45d03cac979f64b9eb1651ea32858b0ff452.js]
[www.kenkoback.com/products/freegifts_20220309.min.js]
[www.kenkoback.com/products/index.html]
[js.afterpay.com/afterpay-1.x.js]
[appsolve.io/assets/js/bundlefc4d.js]
[shopoe.net/app.js]
[static.klaviyo.com/onsite/js/klaviyoa0c0.js]
[www.kenkoback.com/products/POST]
[cdn.shopify.com/s/trekkie.storefront.7d0a13153e8bbaa5986cddb6780ade2d67000476.min.js]
[cdn.shopify.com/shopifycloud/shopify/assets/shop_events_listener-65cd0ba3fcd81a1df33f2510ec5bcf8c0e0958653b50e3965ec972dd638ee13f.js]
[cdn.shopify.com/shopifycloud/boomerang/shopify-boomerang-1.0.0.min.js]
[cdn.shopify.com/s/files/1/0357/4556/2761/files/Favicon_Compressed_410x2722.png]
[www.kenkoback.com/products/neck-cloud.html]
[www.kenkoback.com/products/cervical-neck-traction-device-1.html]
[www.kenkoback.com/products/neckovery™.html]
[www.kenkoback.com/products/neck-hero-pro-safe-effective-cervical-traction.html]
[www.kenkoback.com/products/neck-pain-relief-patches.html]
[www.kenkoback.com/products/intelligent-vibrating-posture-trainer.html]
[www.kenkoback.com/products/pressure-relief-cushion.html]
[www.kenkoback.com/products/lumbartrax-lumbar-traction-device.html]
[www.kenkoback.com/products/infrared-back-massager.html]
[www.kenkoback.com/products/back-pain-relief-patches-1.html]
[www.kenkoback.com/products/kenko-patch.html]
[www.kenkoback.com/products/neurosocks.html]
[www.kenkoback.com/products/knee-relieve.html]
[www.kenkoback.com/products/knee-pain-relief-patches.html]
[www.kenkoback.com/products/ems-device.html]
[www.kenkoback.com/products/totalknee-instant-knee-pain-relief-device.html]
[www.kenkoback.com/products/hand-wizard.html]
[www.kenkoback.com/products/osteogloves.html]
[www.kenkoback.com/products/hemp-pain-relief-cream.html]
[www.kenkoback.com/products/kenko-gun.html]
[www.kenkoback.com/products/snooze-right.html]
[www.kenkoback.com/products/snooze-right-pro.html]
[cdn.shopify.com/s/files/1/0357/4556/2761/files/Logo_Compressed_160xe9a9.png]
[cdnjs.cloudflare.com/ajax/libs/font-awesome/4.6.3/css/font-awesome.min.css]
[d1um8515vdn9kb.cloudfront.net/files/vendor4e0d.css]
[cdn.shopify.com/s/files/1/0357/4556/2761/t/20/assets/gem-page-product-161440382698b1.css]
[d1um8515vdn9kb.cloudfront.net/libs/css/owl.carousel.min.css]
[d1um8515vdn9kb.cloudfront.net/libs/css/gfaccordion.css]
[cdn.shopify.com/s/files/1/0357/4556/2761/products/Lifestyle1_2_1_095f67ad-1371-46d3-9dd1-eb8071462428_120x120ea27.jpg]
[cdn.shopify.com/s/files/1/0357/4556/2761/products/CopyofDSC05361_1_120x120ea27.jpg]
[cdn.shopify.com/s/files/1/0357/4556/2761/products/1201308752530752-WNWPtyLTD-1x1-SZ-1.01_120x120ea27.jpg]
[cdn.shopify.com/s/files/1/0357/4556/2761/products/1201308752530752-WNWPtyLTD-1x1-SZ-3.01_120x120ea27.jpg]
[cdn.shopify.com/s/files/1/0357/4556/2761/products/1201308752530752-WNWPtyLTD-1x1-SZ-5.01_120x120ea27.jpg]
[cdn.shopify.com/s/files/1/0357/4556/2761/products/1201310736778919-WNWPtyLtd-1x1-SZ-1.01_fc3b490c-7252-4982-9ca4-7461c4dc8e06_120x120ea27.jpg]
[cdn.shopify.com/s/files/1/0357/4556/2761/products/1201310736778919-WNWPtyLtd-1x1-SZ-3.01_18eda607-46fa-4181-8d2b-c65c5e6635e9_120x120ea27.jpg]
[cdn.shopify.com/s/files/1/0357/4556/2761/products/KB_Image3_120x120ea27.jpg]
[cdn.shopify.com/s/files/1/0357/4556/2761/products/Box_Brand_1_9d4e1bdf-d56f-4771-a178-d1b6ab90cca6_120x120ea27.jpg]
[cdn.shopify.com/s/files/1/0357/4556/2761/products/KenkoProductTemplate33_120x120ea27.jpg]
[cdn.shopify.com/s/files/1/0357/4556/2761/products/KenkoProductTemplate_1_1_120x120ea27.jpg]
[cdn.shopify.com/s/files/1/0357/4556/2761/products/KenkoProductTemplate2_1_2c147760-cd56-44cf-bd81-2cbf5db40fd1_120x120ea27.jpg]
[cdn.shopify.com/s/files/1/0357/4556/2761/products/Untitleddesign_51_120x120ea27.jpg]
[cdn.shopify.com/s/files/1/0357/4556/2761/products/Untitleddesign_52_120x120ea27.jpg]
[cdn.shopify.com/s/files/1/0357/4556/2761/products/Untitleddesign_1_1024x1024_cc1818e3-9212-4cfe-814d-94c7100d903f_120x120ea27.jpg]
[cdn.shopify.com/s/files/1/0357/4556/2761/files/Back_Stretching_Machine_Decompression_Machine_Best_Back_Stretcher_Back_Arch_Stretcher1a1d.png]
[cdn.shopify.com/s/files/1/0357/4556/2761/files/Back_Lumbar_Stretcher_back_pain_stretcher_quick_relief_for_back_pain_spinal_decompression_at_home_devices_120x12084d0.png]
[cdn.shopify.com/s/files/1/0357/4556/2761/files/lumbar_extender_lumbar_stretch_device_Spinal_Decompression_Device_Lumbar_Decompression_Machinea47e.png]
[cdn.shopify.com/s/files/1/0357/4556/2761/files/lumbar_decompression_device_Lower_back_pain_relief_back_therapy_device_spine_alignment_device1248.png]
[cdn.shopify.com/s/files/1/0357/4556/2761/files/Orthopedic_Back_Stretcher_Arched_Back_Stretcher_Lower_Back_Pain_Relief_At_Home693c.jpg]
[cdn.shopify.com/s/files/1/0357/4556/2761/files/Best_Back_Stretcher_Back_Lumbar_Stretcher_Back_Alignment_Machine_Back_Alignment_Device.af8f.png]
[cdn.shopify.com/s/files/1/0357/4556/2761/files/Logo_Compressed_2048xe9a9.png]
[cdn.shopify.com/s/files/1/0357/4556/2761/t/20/assets/jquery.minefc8.js]
[cdn.shopify.com/s/files/1/0357/4556/2761/t/20/assets/vendorscc30.js]
[cdn.shopify.com/s/files/1/0357/4556/2761/t/20/assets/sections4ebe.js]
[cdn.shopify.com/s/files/1/0357/4556/2761/t/20/assets/utilities8627.js]
[cdn.shopify.com/s/files/1/0357/4556/2761/t/20/assets/appb6d4.js]
[loox.io/widget/EJWRVuCOSO/loox.158439247806610c5.js]
[d1um8515vdn9kb.cloudfront.net/libs/js/gfv1countdown.js]
[d1um8515vdn9kb.cloudfront.net/libs/js/owl.carousel.min.js]
[d1um8515vdn9kb.cloudfront.net/libs/js/gfaccordion.js]
[d1um8515vdn9kb.cloudfront.net/libs/js/gfv2lazyload.js]
[cdn.shopify.com/s/files/1/0357/4556/2761/t/20/assets/gem-page-product-16144038260b25.js]
[d1um8515vdn9kb.cloudfront.net/files/gempagev2c619.js]
[cdn.shopify.com/s/files/1/0357/4556/2761/t/20/assets/custom.min9998.js]
[cdn.shopify.com/s/files/1/0357/4556/2761/t/20/assets/footer511e.js]
[cdn.polyfill.io/v3/polyfill.min88bb.js]
[www.kenkoback.com/cart.js]
[www.kenkoback.com/products/orthopedic-back-stretcher.html]
[www.kenkoback.com/products/GET.html]
[www.googletagmanager.com/gtm5445.html]
[www.kenkoback.com/cart61a5.js]
[cdn.jsdelivr.net/gh/yunmuqing/optionv-0.0@latest/ymq-down.png]
[cdn.shopify.com/s/files/1/0411/8639/4277/t/11/assets/ymq-option.css]
[option.ymq.cool/option/bottom.css]
[cdn.shopify.com/s/files/1/0357/4556/2761/t/20/assets/styles.scss3b95.css]
[cdn.shopify.com/shopifycloud/checkout-web/assets/vendors_app.latest.en.e788719f193b49c039a3.css]
[cdn.shopify.com/shopifycloud/checkout-web/assets/app.latest.en.6b4c79ead7042980b29d.css]
[cdn.shopify.com/shopifycloud/checkout-web/assets/Information_Payment_ShopPay.latest.en.da9f06164a980bf8e7ea.css]
[www.kenkoback.com/products/{{productHandle}}.js]
[cdn.shopify.com/s/files/1/0357/4556/2761/t/20/assets/sca.freegiftba9b.css]
[www.kenkoback.com/products/freegifts_20220309.min.js]
[cdn.shopify.com/shopifycloud/checkout-web/assets/checkout-web-packages_Information_NoAddressLocation_Payment_PostPurchase_Review_Shipping_ShopPay_Sho_cf13f96e.baseline.en.8d3a709bcf8c04f77ed7.js]
[cdn.shopify.com/shopifycloud/checkout-web/assets/Information_Payment_ShopPay.baseline.en.935f71e1b5e37b1a673d.js]
[cdn.shopify.com/shopifycloud/checkout-web/assets/Information_Payment.baseline.en.e38e94a10255bd8dac2c.js]
[cdn.shopify.com/shopifycloud/checkout-web/assets/Information.baseline.en.3c067bc64a64a71ff5ad.js]
[cdn.shopify.com/shopifycloud/checkout-web/assets/checkout-web-ui_app.baseline.en.26a0342d355a675e2801.js]
[cdn.shopify.com/shopifycloud/checkout-web/assets/vendors_app.baseline.en.1188b9033722bc012e84.js]
[cdn.shopify.com/shopifycloud/checkout-web/assets/checkout-web-packages_app.baseline.en.4e70883e139eb5a799c1.js]
[cdn.shopify.com/shopifycloud/checkout-web/assets/vendors_app.baseline.en.954db6995929b6f1f646.css]
[cdn.shopify.com/shopifycloud/checkout-web/assets/app.baseline.en.dd733f21b66b59afc26d.css]
[cdn.shopify.com/shopifycloud/checkout-web/assets/Information_Payment_ShopPay.baseline.en.9f248e42bf2a8151ea27.css]
[cdn.shopify.com/s/files/1/0357/4556/2761/products/Untitleddesign_50x6dc9.jpg]
[cdn.shopify.com/s/files/1/0357/4556/2761/products/Untitleddesign_1600x6dc9.jpg]
[cdn.shopify.com/s/files/1/0357/4556/2761/products/Untitleddesign_2000x6dc9.jpg]
[cdn.shopify.com/s/files/1/0357/4556/2761/products/CopyofDSC05361_1_50xea27.jpg]
[cdn.shopify.com/s/files/1/0357/4556/2761/products/CopyofDSC05361_1_1600xea27.jpg]
[cdn.shopify.com/s/files/1/0357/4556/2761/products/CopyofDSC05361_1_2000xea27.jpg]
[cdn.shopify.com/s/files/1/0357/4556/2761/products/Untitleddesign_1_50x06c4.png]
[cdn.shopify.com/s/files/1/0357/4556/2761/products/Untitleddesign_1_1600x06c4.png]
[cdn.shopify.com/s/files/1/0357/4556/2761/products/Untitleddesign_1_2000x06c4.png]
[cdn.shopify.com/s/files/1/0357/4556/2761/products/74.95_50x16ac.png]
[cdn.shopify.com/s/files/1/0357/4556/2761/products/74.95_1600x16ac.png]
[cdn.shopify.com/s/files/1/0357/4556/2761/products/74.95_2000x16ac.png]
[cdn.shopify.com/s/files/1/0357/4556/2761/products/1_fa1341a7-4e1c-4479-91a6-8e485192008b_50x9cff.png]
[cdn.shopify.com/s/files/1/0357/4556/2761/products/1_fa1341a7-4e1c-4479-91a6-8e485192008b_1600x9cff.png]
[cdn.shopify.com/s/files/1/0357/4556/2761/products/1_fa1341a7-4e1c-4479-91a6-8e485192008b_2000x9cff.png]
[cdn.shopify.com/s/files/1/0357/4556/2761/products/4_50xe563.jpg]
[cdn.shopify.com/s/files/1/0357/4556/2761/products/4_1600xe563.jpg]
[cdn.shopify.com/s/files/1/0357/4556/2761/products/4_2000xe563.jpg]
[cdn.shopify.com/s/files/1/0357/4556/2761/products/asset2-2_50xe931.jpg]
[cdn.shopify.com/s/files/1/0357/4556/2761/products/asset2-2_1600xe931.jpg]
[cdn.shopify.com/s/files/1/0357/4556/2761/products/asset2-2_2000xe931.jpg]
[cdn.shopify.com/s/files/1/0357/4556/2761/products/2_17f35944-5aec-446a-9d42-7bcdea711afa_50x883d.jpg]
[cdn.shopify.com/s/files/1/0357/4556/2761/products/2_17f35944-5aec-446a-9d42-7bcdea711afa_1600x883d.jpg]
[cdn.shopify.com/s/files/1/0357/4556/2761/products/2_17f35944-5aec-446a-9d42-7bcdea711afa_2000x883d.jpg]
[cdn.shopify.com/s/files/1/0357/4556/2761/products/1201308752530752-WNWPtyLTD-1x1-SZ-2.01_a930d0c7-f7b1-4015-8dac-4c283a7a3b2b_50x0b5e.jpg]
[cdn.shopify.com/s/files/1/0357/4556/2761/products/1201308752530752-WNWPtyLTD-1x1-SZ-2.01_a930d0c7-f7b1-4015-8dac-4c283a7a3b2b_1600x0b5e.jpg]
[cdn.shopify.com/s/files/1/0357/4556/2761/products/1201308752530752-WNWPtyLTD-1x1-SZ-2.01_a930d0c7-f7b1-4015-8dac-4c283a7a3b2b_2000x0b5e.jpg]
[cdn.shopify.com/s/files/1/0357/4556/2761/products/Untitleddesign_6a68f27c-20fe-4fee-9964-d69071fb8254_50xeae6.jpg]
[cdn.shopify.com/s/files/1/0357/4556/2761/products/Untitleddesign_6a68f27c-20fe-4fee-9964-d69071fb8254_1600xeae6.jpg]
[cdn.shopify.com/s/files/1/0357/4556/2761/products/Untitleddesign_6a68f27c-20fe-4fee-9964-d69071fb8254_2000xeae6.jpg]
[www.kenkoback.com/products/index.html]
[www.kenkoback.com/products/POST.html]
[www.kenkoback.com/products/neck-cloud.oembed]
[cdn.shopify.com/shopifycloud/checkout-web/assets/Information_Payment_ShopPay.latest.en.e620907dddf25b0dd2d0.js]
[cdn.shopify.com/shopifycloud/checkout-web/assets/Information.latest.en.dd9aa6ddef0f74957fa2.js]
[cdn.shopify.com/shopifycloud/checkout-web/assets/checkout-web-ui_app.latest.en.6d0e54ef62ef1c1dfff3.js]
[cdn.shopify.com/shopifycloud/checkout-web/assets/vendors_app.latest.en.16120440475bd3d6ce55.js]
[cdn.shopify.com/shopifycloud/checkout-web/assets/checkout-web-packages_app.latest.en.48df07e881a306ec7f81.js]
[cdn.shopify.com/shopifycloud/checkout-web/assets/vendors_app.latest.en.4a55be2a1ba1e9a3f4d4.css]
[cdn.shopify.com/shopifycloud/checkout-web/assets/app.latest.en.83ddab5597cf1020db94.css]
[cdn.shopify.com/shopifycloud/checkout-web/assets/Information_Payment_ShopPay.latest.en.78e2c7ac72fdb66067d0.css]
[cdn.shopify.com/s/files/1/0357/4556/2761/t/20/assets/gem-page-product-1628740543ef2c.css]
[d1um8515vdn9kb.cloudfront.net/files/gfv1animate.min.css]
[cdn.shopify.com/s/files/1/0357/4556/2761/products/1201828706809701-WNWPtyLtd-1x1-SZ-5.02_120x1209cff.png]
[cdn.shopify.com/s/files/1/0357/4556/2761/products/1_fa1341a7-4e1c-4479-91a6-8e485192008b_100x1009cff.png]
[cdn.shopify.com/s/files/1/0357/4556/2761/products/NeckCloud_100x1009cff.jpg]
[cdn.shopify.com/s/files/1/0357/4556/2761/products/1201213816848215-WNWPtyLtd-1x1-JAP-7.01_1_100x1009cff.png]
[cdn.shopify.com/s/files/1/0357/4556/2761/products/1201828706809701-WNWPtyLtd-1x1-SZ-1.02_1_100x1009cff.png]
[cdn.shopify.com/s/files/1/0357/4556/2761/products/1201213816848215-WNWPtyLtd-1x1-JAP-9.01_1_100x1009cff.png]
[cdn.shopify.com/s/files/1/0357/4556/2761/products/1201828706809701-WNWPtyLtd-1x1-SZ-2.01_100x1009cff.png]
[cdn.shopify.com/s/files/1/0357/4556/2761/products/1201697058066747-WNWPtyLTD-1080x1080-AKB-1.01_1_100x1009cff.png]
[cdn.shopify.com/s/files/1/0357/4556/2761/products/1201828706809701-WNWPtyLtd-1x1-SZ-4.02_100x1009cff.png]
[cdn.shopify.com/s/files/1/0357/4556/2761/products/1201828706809701-WNWPtyLtd-1x1-SZ-5.02_100x1009cff.png]
[cdn.shopify.com/s/files/1/0357/4556/2761/products/Lifestyle11080x1080_1_100x1009cff.jpg]
[cdn.shopify.com/s/files/1/0357/4556/2761/products/Product2_1_100x1009cff.jpg]
[cdn.shopify.com/s/files/1/0357/4556/2761/products/1201828706809701-WNWPtyLtd-1x1-SZ-7.01_100x1009cff.png]
[cdn.shopify.com/s/files/1/0357/4556/2761/products/1201697058066747-WNWPtyLTD-1080x1080-AKB-2.01_1_100x1009cff.png]
[cdn.shopify.com/s/files/1/0357/4556/2761/products/1201829464511063-WNWPtyLtd-1x1-SZ-1.01_100x1009cff.png]
[cdn.shopify.com/s/files/1/0357/4556/2761/products/1201829464511063-WNWPtyLtd-1x1-SZ-2.01_100x1009cff.png]
[cdn.shopify.com/s/files/1/0357/4556/2761/products/1201829464511063-WNWPtyLtd-1x1-SZ-3.02_100x1009cff.png]
[cdn.shopify.com/s/files/1/0357/4556/2761/products/Untitleddesign_31_100x1009cff.jpg]
[cdn.shopify.com/s/files/1/0357/4556/2761/products/Untitleddesign_32_100x1009cff.jpg]
[cdn.shopify.com/s/files/1/0357/4556/2761/products/Untitleddesign_34_100x1009cff.jpg]
[cdn.shopify.com/s/files/1/0357/4556/2761/products/Pain_Free_Bundle_100x1009cff.jpg]
[cdn.shopify.com/s/files/1/0357/4556/2761/products/1_fa1341a7-4e1c-4479-91a6-8e485192008b_120x1209cff.png]
[cdn.shopify.com/s/files/1/0357/4556/2761/products/NeckCloud_120x1209cff.jpg]
[cdn.shopify.com/s/files/1/0357/4556/2761/products/1201213816848215-WNWPtyLtd-1x1-JAP-7.01_1_120x1209cff.png]
[cdn.shopify.com/s/files/1/0357/4556/2761/products/1201828706809701-WNWPtyLtd-1x1-SZ-1.02_1_120x1209cff.png]
[cdn.shopify.com/s/files/1/0357/4556/2761/products/1201213816848215-WNWPtyLtd-1x1-JAP-9.01_1_120x1209cff.png]
[cdn.shopify.com/s/files/1/0357/4556/2761/products/1201828706809701-WNWPtyLtd-1x1-SZ-2.01_120x1209cff.png]
[cdn.shopify.com/s/files/1/0357/4556/2761/products/1201697058066747-WNWPtyLTD-1080x1080-AKB-1.01_1_120x1209cff.png]
[cdn.shopify.com/s/files/1/0357/4556/2761/products/1201828706809701-WNWPtyLtd-1x1-SZ-4.02_120x1209cff.png]
[cdn.shopify.com/s/files/1/0357/4556/2761/products/Lifestyle11080x1080_1_120x1209cff.jpg]
[cdn.shopify.com/s/files/1/0357/4556/2761/products/Product2_1_120x1209cff.jpg]
[cdn.shopify.com/s/files/1/0357/4556/2761/products/1201828706809701-WNWPtyLtd-1x1-SZ-7.01_120x1209cff.png]
[cdn.shopify.com/s/files/1/0357/4556/2761/products/1201697058066747-WNWPtyLTD-1080x1080-AKB-2.01_1_120x1209cff.png]
[cdn.shopify.com/s/files/1/0357/4556/2761/products/1201829464511063-WNWPtyLtd-1x1-SZ-1.01_120x1209cff.png]
[cdn.shopify.com/s/files/1/0357/4556/2761/products/1201829464511063-WNWPtyLtd-1x1-SZ-2.01_120x1209cff.png]
[cdn.shopify.com/s/files/1/0357/4556/2761/products/1201829464511063-WNWPtyLtd-1x1-SZ-3.02_120x1209cff.png]
[cdn.shopify.com/s/files/1/0357/4556/2761/products/Untitleddesign_31_120x1209cff.jpg]
[cdn.shopify.com/s/files/1/0357/4556/2761/products/Untitleddesign_32_120x1209cff.jpg]
[cdn.shopify.com/s/files/1/0357/4556/2761/products/Untitleddesign_34_120x1209cff.jpg]
[cdn.shopify.com/s/files/1/0357/4556/2761/products/Pain_Free_Bundle_120x1209cff.jpg]
[cdn.shopify.com/s/files/1/0357/4556/2761/files/Back_Lumbar_Stretcher_back_pain_stretcher_quick_relief_for_back_pain_spinal_decompression_at_home_devices84d0.png]
[ucarecdn.com/192a809d-9eda-49c2-841e-516982ef1794/-/format/auto/-/preview/120x120/-/quality/lighter/KBB_SNR__1_.jpg]
[ucarecdn.com/fec0dfa4-06b0-4fef-b502-24dabe3d6da5/-/format/auto/-/preview/120x120/-/quality/lighter/2XNeckCloud__1_.jpg]
[d1um8515vdn9kb.cloudfront.net/libs/js/gfv1animate.js]
[www.kenkoback.com/products/neck-cloud.html]
[cdn.shopify.com/s/files/1/0357/4556/2761/t/20/assets/gem-page-product-162874054370ad.js]
[www.kenkoback.com/products/cervical-neck-traction-device-1.oembed]
[cdn.shopify.com/s/files/1/0357/4556/2761/t/20/assets/gem-page-product-16164759635b14.css]
[d1um8515vdn9kb.cloudfront.net/libs/js/jquery.magnific-popup/magnific-popup.css]
[cdn.shopify.com/s/files/1/0357/4556/2761/products/1201308752530752-WNWPtyLTD-1x1-SZ-2.01_62a94240-ec29-4805-bc01-65a527716f1f_120x120c5b9.jpg]
[cdn.shopify.com/s/files/1/0357/4556/2761/products/1201308752530752-WNWPtyLTD-1x1-SZ-2.01_62a94240-ec29-4805-bc01-65a527716f1f_100x100c5b9.jpg]
[cdn.shopify.com/s/files/1/0357/4556/2761/products/CoverPhoto1_1_2d65f744-f988-481c-b03f-6a1ebe5927c3_100x100c5b9.jpg]
[cdn.shopify.com/s/files/1/0357/4556/2761/products/CopyofDSC05421_1_100x100c5b9.jpg]
[cdn.shopify.com/s/files/1/0357/4556/2761/products/1201308752530752-WNWPtyLTD-1x1-SZ-4.01_acaf661e-915a-4039-aeb3-1cc5e9861a19_100x100eeb9.jpg]
[cdn.shopify.com/s/files/1/0357/4556/2761/products/1201308752530752-WNWPtyLTD-1x1-SZ-6.01_4fa5201b-f2d5-4769-978c-fc2fc0aa6a3e_100x100eeb9.jpg]
[cdn.shopify.com/s/files/1/0357/4556/2761/products/1201310736778919-WNWPtyLtd-1x1-SZ-4.01_100x100eeb9.jpg]
[cdn.shopify.com/s/files/1/0357/4556/2761/products/1201310736778919-WNWPtyLtd-1x1-SZ-2.01_100x100eeb9.jpg]
[cdn.shopify.com/s/files/1/0357/4556/2761/products/NeckHero_3_2_1_100x100eeb9.jpg]
[cdn.shopify.com/s/files/1/0357/4556/2761/products/NeckHero_NewAsset2_3_c272a78e-7382-44cd-8937-de0bb94df27c_1_100x100eeb9.jpg]
[cdn.shopify.com/s/files/1/0357/4556/2761/products/NeckHero_NewAsset1_2_0a5a8a69-608b-4e3b-9e4e-90e870ca4c96_1_100x100eeb9.jpg]
[cdn.shopify.com/s/files/1/0357/4556/2761/products/Untitleddesign_44_100x100eeb9.jpg]
[cdn.shopify.com/s/files/1/0357/4556/2761/products/Untitleddesign_45_100x100eeb9.jpg]
[cdn.shopify.com/s/files/1/0357/4556/2761/products/CoverPhoto1_1_2d65f744-f988-481c-b03f-6a1ebe5927c3_120x120c5b9.jpg]
[cdn.shopify.com/s/files/1/0357/4556/2761/products/CopyofDSC05421_1_120x120c5b9.jpg]
[cdn.shopify.com/s/files/1/0357/4556/2761/products/1201308752530752-WNWPtyLTD-1x1-SZ-4.01_acaf661e-915a-4039-aeb3-1cc5e9861a19_120x120eeb9.jpg]
[cdn.shopify.com/s/files/1/0357/4556/2761/products/1201308752530752-WNWPtyLTD-1x1-SZ-6.01_4fa5201b-f2d5-4769-978c-fc2fc0aa6a3e_120x120eeb9.jpg]
[cdn.shopify.com/s/files/1/0357/4556/2761/products/1201310736778919-WNWPtyLtd-1x1-SZ-4.01_120x120eeb9.jpg]
[cdn.shopify.com/s/files/1/0357/4556/2761/products/1201310736778919-WNWPtyLtd-1x1-SZ-2.01_120x120eeb9.jpg]
[cdn.shopify.com/s/files/1/0357/4556/2761/products/NeckHero_3_2_1_120x120eeb9.jpg]
[cdn.shopify.com/s/files/1/0357/4556/2761/products/NeckHero_NewAsset2_3_c272a78e-7382-44cd-8937-de0bb94df27c_1_120x120eeb9.jpg]
[cdn.shopify.com/s/files/1/0357/4556/2761/products/NeckHero_NewAsset1_2_0a5a8a69-608b-4e3b-9e4e-90e870ca4c96_1_120x120eeb9.jpg]
[cdn.shopify.com/s/files/1/0357/4556/2761/products/Untitleddesign_44_120x120eeb9.jpg]
[cdn.shopify.com/s/files/1/0357/4556/2761/products/Untitleddesign_45_120x120eeb9.jpg]
[d1um8515vdn9kb.cloudfront.net/libs/js/jquery.magnific-popup/jquery.magnific-popup.js]
[player.vimeo.com/api/player.js]
[www.kenkoback.com/products/cervical-neck-traction-device-1.html]
[cdn.shopify.com/s/files/1/0357/4556/2761/t/20/assets/gem-page-product-161647596325cf.js]
[www.kenkoback.com/products/neckovery™.oembed]
[cdn.shopify.com/s/files/1/0357/4556/2761/t/20/assets/gem-page-product-16063371344840.css]
[cdn.shopify.com/s/files/1/0357/4556/2761/products/neck4_1_120x120bc87.jpg]
[cdn.shopify.com/s/files/1/0357/4556/2761/products/Lifestyle1_1594f162-e1d5-4120-9b98-4e86681f7bb8_120x1209590.jpg]
[cdn.shopify.com/s/files/1/0357/4556/2761/products/neck3_1_120x120bc87.jpg]
[cdn.shopify.com/s/files/1/0357/4556/2761/products/ProductFeatures_120x120bc87.jpg]
[cdn.shopify.com/s/files/1/0357/4556/2761/products/neck2_1_120x120bc87.jpg]
[cdn.shopify.com/s/files/1/0357/4556/2761/products/neck1_1_120x120bc87.jpg]
[www.kenkoback.com/products/neckovery™.html]
[cdn.shopify.com/s/files/1/0357/4556/2761/t/20/assets/gem-page-product-1606337134b210.js]
[www.kenkoback.com/products/neck-hero-pro-safe-effective-cervical-traction.oembed]
[cdn.shopify.com/s/files/1/0357/4556/2761/t/20/assets/gem-page-product-16185274428600.css]
[cdn.shopify.com/s/files/1/0357/4556/2761/products/asset4_120x1202ffd.jpg]
[cdn.shopify.com/s/files/1/0357/4556/2761/products/asset4_100x1002ffd.jpg]
[cdn.shopify.com/s/files/1/0357/4556/2761/products/ezgif.com-gif-maker_1_100x1002ffd.gif]
[cdn.shopify.com/s/files/1/0357/4556/2761/products/1_61d67438-da38-4ad6-80e9-4c51eff603b3_100x1002ffd.jpg]
[cdn.shopify.com/s/files/1/0357/4556/2761/products/3_a59ecb51-7e6a-47af-bb5b-f95d41a5a619_100x1002ffd.jpg]
[cdn.shopify.com/s/files/1/0357/4556/2761/products/2_2fc78962-b94c-419a-9371-d09cdf4dab73_100x1002ffd.jpg]
[cdn.shopify.com/s/files/1/0357/4556/2761/products/shopifyback-end_100x1002ffd.jpg]
[cdn.shopify.com/s/files/1/0357/4556/2761/products/get_2_100x1005ed3.jpg]
[cdn.shopify.com/s/files/1/0357/4556/2761/products/bundle_3_100x100744e.jpg]
[cdn.shopify.com/s/files/1/0357/4556/2761/products/ezgif.com-gif-maker_1_120x1202ffd.gif]
[cdn.shopify.com/s/files/1/0357/4556/2761/products/1_61d67438-da38-4ad6-80e9-4c51eff603b3_120x1202ffd.jpg]
[cdn.shopify.com/s/files/1/0357/4556/2761/products/3_a59ecb51-7e6a-47af-bb5b-f95d41a5a619_120x1202ffd.jpg]
[cdn.shopify.com/s/files/1/0357/4556/2761/products/2_2fc78962-b94c-419a-9371-d09cdf4dab73_120x1202ffd.jpg]
[cdn.shopify.com/s/files/1/0357/4556/2761/products/shopifyback-end_120x1202ffd.jpg]
[cdn.shopify.com/s/files/1/0357/4556/2761/products/get_2_120x1205ed3.jpg]
[cdn.shopify.com/s/files/1/0357/4556/2761/products/bundle_3_120x120744e.jpg]
[www.kenkoback.com/products/neck-hero-pro-safe-effective-cervical-traction.html]
[cdn.shopify.com/s/files/1/0357/4556/2761/t/20/assets/gem-page-product-16185274423efe.js]
[www.kenkoback.com/products/neck-pain-relief-patches.oembed]
[cdn.shopify.com/s/files/1/0357/4556/2761/t/20/assets/gem-page-product-16354057709ee6.css]
[cdn.shopify.com/s/files/1/0357/4556/2761/products/Buy1Get1FREE_88f3fe00-f644-479c-a257-8af2a626c33e_120x120e7ee.jpg]
[cdn.shopify.com/s/files/1/0357/4556/2761/products/CopyofDSC05772_1_2048x2048e7ee.jpg]
[cdn.shopify.com/s/files/1/0357/4556/2761/products/CopyofDSC05772_1_120x120e7ee.jpg]
[cdn.shopify.com/s/files/1/0357/4556/2761/products/Buy1Get1FREE_88f3fe00-f644-479c-a257-8af2a626c33e_2048x2048e7ee.jpg]
[cdn.shopify.com/s/files/1/0357/4556/2761/products/60DaysGuarantee_38dabba8-937f-4cbc-bedb-d883108a38a7_2048x2048e7ee.jpg]
[cdn.shopify.com/s/files/1/0357/4556/2761/products/60DaysGuarantee_38dabba8-937f-4cbc-bedb-d883108a38a7_120x120e7ee.jpg]
[cdn.shopify.com/s/files/1/0357/4556/2761/products/Features_a3f91f90-c69c-4f8f-8b15-ef3723b94b2f_2048x2048e7ee.jpg]
[cdn.shopify.com/s/files/1/0357/4556/2761/products/Features_a3f91f90-c69c-4f8f-8b15-ef3723b94b2f_120x120e7ee.jpg]
[cdn.shopify.com/s/files/1/0357/4556/2761/products/Benefits_f7e8289e-0232-417e-a85b-877c60099dc8_2048x2048e7ee.jpg]
[cdn.shopify.com/s/files/1/0357/4556/2761/products/Benefits_f7e8289e-0232-417e-a85b-877c60099dc8_120x120e7ee.jpg]
[cdn.shopify.com/s/files/1/0357/4556/2761/products/Pain_fcf54b2c-85d2-4e60-b493-e901666f6f50_2048x2048e7ee.jpg]
[cdn.shopify.com/s/files/1/0357/4556/2761/products/Pain_fcf54b2c-85d2-4e60-b493-e901666f6f50_120x120e7ee.jpg]
[ucarecdn.com/3daa5d00-46a8-4788-b392-eef4698054c6/-/format/auto/-/preview/120x120/-/quality/lighter/Untitled-2 _1_.jpg]
[ucarecdn.com/6ff4214d-970a-4647-86c5-70831f219a17/-/format/auto/-/preview/120x120/-/quality/lighter/Untitled-1 _1_.jpg]
[ucarecdn.com/55948926-b6ac-41f8-ab67-84057413bddb/ezgif.com-resize-4.gif]
[ucarecdn.com/1cc6a355-6581-41d0-8a7c-3bed349079c0/-/format/auto/-/preview/120x120/-/quality/lighter/NeckPainNA.jpg]
[ucarecdn.com/dfbb1ae3-96fe-4830-8130-f2718240d201/-/format/auto/-/preview/120x120/-/quality/lighter/Benefits.jpg]
[ucarecdn.com/b1313d16-9db5-4b41-bb4d-794266841cc8/-/format/auto/-/preview/120x120/-/quality/lighter/Features.jpg]
[ucarecdn.com/3e186f47-955e-4c72-94ba-cc431a54e468/-/format/auto/-/preview/120x120/-/quality/lighter/Buy 1 Get 1 FREE.jpg]
[ucarecdn.com/2b36e0ae-17ab-4110-b824-13172ad08487/-/format/auto/-/preview/100x100/-/quality/lighter/shield-check.png]
[ucarecdn.com/8884a646-4e80-4d3d-bc6b-55763fd3169d/-/format/auto/-/preview/100x100/-/quality/lighter/”.png]
[ucarecdn.com/911137c6-d8cb-4a90-98bd-e5daaff5ff03/-/format/auto/-/preview/120x120/-/quality/lighter/r0.jpg]
[ucarecdn.com/fccaed07-1f44-4298-b934-f6a3c478cb38/-/format/auto/-/preview/100x100/-/quality/lighter/”.png]
[ucarecdn.com/93b5392a-2093-4ae4-a5c0-b673958c76c2/-/format/auto/-/preview/120x120/-/quality/lighter/r1.jpg]
[ucarecdn.com/a368da24-f97f-4aec-931c-2499aaed2628/-/format/auto/-/preview/100x100/-/quality/lighter/”.png]
[ucarecdn.com/1c247f5a-6326-44e2-af4e-0788811f39ea/-/format/auto/-/preview/120x120/-/quality/lighter/r3.jpg]
[ucarecdn.com/67f2a7ac-210f-4495-802f-ecb9d416c7f4/-/format/auto/-/preview/120x120/-/quality/lighter/Untitled-2 _1_.jpg]
[ucarecdn.com/ffc3ec40-6894-4d4f-8a48-3bcc3798a4bf/-/format/auto/-/preview/120x120/-/quality/lighter/Untitled-1 _1_.jpg]
[ucarecdn.com/a0bbbc50-47fb-43a7-817b-0ed6bdcb9795/ezgif.com-resize-4.gif]
[ucarecdn.com/1797b18d-7d15-469d-916f-76c02439bcc8/-/format/auto/-/preview/120x120/-/quality/lighter/NeckPainNA.jpg]
[ucarecdn.com/e0931190-c650-4d37-8135-e3b1f1aedb8a/-/format/auto/-/preview/120x120/-/quality/lighter/Benefits.jpg]
[ucarecdn.com/303eda7d-b582-4da8-81a3-600518a90609/-/format/auto/-/preview/120x120/-/quality/lighter/Features.jpg]
[ucarecdn.com/2f0c5f63-af1f-4cfd-9817-49e2c901a168/-/format/auto/-/preview/120x120/-/quality/lighter/Buy 1 Get 1 FREE.jpg]
[ucarecdn.com/c7349174-3038-4304-8198-5ff13001c09c/-/format/auto/-/preview/120x120/-/quality/lighter/r0.jpg]
[ucarecdn.com/3e45c61e-c5f6-460f-884d-eed8ad96ace4/-/format/auto/-/preview/120x120/-/quality/lighter/r1.jpg]
[ucarecdn.com/cba5d966-f50a-4e9d-ad46-667a05d576ba/-/format/auto/-/preview/120x120/-/quality/lighter/r3.jpg]
[d1um8515vdn9kb.cloudfront.net/libs/js/gfv4productimagelist.js]
[d1um8515vdn9kb.cloudfront.net/libs/js/gfv4lightbox.js]
[www.kenkoback.com/products/neck-pain-relief-patches.html]
[cdn.shopify.com/s/files/1/0357/4556/2761/t/20/assets/gem-page-product-16354057701662.js]
[www.kenkoback.com/products/intelligent-vibrating-posture-trainer.oembed]
[cdn.shopify.com/s/files/1/0357/4556/2761/t/20/assets/gem-page-product-1599643094032b.css]
[cdn.shopify.com/s/files/1/0357/4556/2761/products/Lifestyle1_1_120x1209c44.jpg]
[cdn.shopify.com/s/files/1/0357/4556/2761/products/Smart-Posture_1024x1024_1539e748-6ece-4e91-9548-2d8d5295f2bf_1_120x120212d.jpg]
[cdn.shopify.com/s/files/1/0357/4556/2761/products/Vibrating-Posture_1_clipped_rev_1_1_120x120212d.png]
[cdn.shopify.com/s/files/1/0357/4556/2761/products/Aptoco1_clipped_rev_1_1_120x120212d.png]
[cdn.shopify.com/s/files/1/0357/4556/2761/products/Computer-Lightroom_1_120x120212d.jpg]
[www.kenkoback.com/products/intelligent-vibrating-posture-trainer.html]
[cdn.shopify.com/s/files/1/0357/4556/2761/t/20/assets/gem-page-product-1599643094a420.js]
[www.kenkoback.com/products/pressure-relief-cushion.oembed]
[cdn.shopify.com/s/files/1/0357/4556/2761/t/20/assets/gem-page-product-1626845476fe9d.css]
[cdn.shopify.com/s/files/1/0357/4556/2761/products/PRC-free_120x1201baa.jpg]
[cdn.shopify.com/s/files/1/0357/4556/2761/products/PRC4_2048x20481baa.jpg]
[cdn.shopify.com/s/files/1/0357/4556/2761/products/PRC4_120x1201baa.jpg]
[cdn.shopify.com/s/files/1/0357/4556/2761/products/PRC-LS1_2048x20481baa.jpg]
[cdn.shopify.com/s/files/1/0357/4556/2761/products/PRC-LS1_120x1201baa.jpg]
[cdn.shopify.com/s/files/1/0357/4556/2761/products/PRC-WB3_2048x20481baa.jpg]
[cdn.shopify.com/s/files/1/0357/4556/2761/products/PRC-WB3_120x1201baa.jpg]
[cdn.shopify.com/s/files/1/0357/4556/2761/products/PRC-WB_2048x20481baa.jpg]
[cdn.shopify.com/s/files/1/0357/4556/2761/products/PRC-WB_120x1201baa.jpg]
[cdn.shopify.com/s/files/1/0357/4556/2761/products/PRC-WB2_2048x20481baa.jpg]
[cdn.shopify.com/s/files/1/0357/4556/2761/products/PRC-WB2_120x1201baa.jpg]
[cdn.shopify.com/s/files/1/0357/4556/2761/products/PRC-free_2048x20481baa.jpg]
[cdn.shopify.com/s/files/1/0357/4556/2761/products/Untitleddesign_58_2048x2048203c.jpg]
[cdn.shopify.com/s/files/1/0357/4556/2761/products/Untitleddesign_58_120x120203c.jpg]
[cdn.shopify.com/s/files/1/0357/4556/2761/products/Untitleddesign_57_2048x2048203c.jpg]
[cdn.shopify.com/s/files/1/0357/4556/2761/products/Untitleddesign_57_120x120203c.jpg]
[cdn.shopify.com/s/files/1/0357/4556/2761/products/Untitleddesign_56_2048x2048203c.jpg]
[cdn.shopify.com/s/files/1/0357/4556/2761/products/Untitleddesign_56_120x120203c.jpg]
[ucarecdn.com/c0307a5e-0e3d-465e-a278-c56e7fa97036/-/format/auto/-/preview/120x120/-/quality/lighter/bubbl1.jpg]
[ucarecdn.com/109066e3-1e1a-439e-adde-776a87c03af1/-/format/auto/-/preview/120x120/-/quality/lighter/PRC2.jpg]
[ucarecdn.com/e113c947-1e2d-4ba5-96e3-0a7a341a62ce/-/format/auto/-/preview/120x120/-/quality/lighter/PRC-5.jpg]
[ucarecdn.com/00f005aa-e14d-4a94-a670-51e24a42913b/-/format/auto/-/preview/120x120/-/quality/lighter/PRC1.jpg]
[ucarecdn.com/e01f3bdb-2f5b-4a35-80ba-1b40ab587f11/-/format/auto/-/preview/120x120/-/quality/lighter/bubbl1.jpg]
[ucarecdn.com/a70e6f12-fb22-4368-8215-23d78a1d02e6/-/format/auto/-/preview/120x120/-/quality/lighter/PRC2.jpg]
[ucarecdn.com/26926803-3e99-4b0e-ac52-576d37f02bb1/-/format/auto/-/preview/120x120/-/quality/lighter/PRC-5.jpg]
[ucarecdn.com/89bdea6b-75fd-4461-8d6c-b329fda3a996/-/format/auto/-/preview/120x120/-/quality/lighter/PRC1.jpg]
[www.kenkoback.com/products/pressure-relief-cushion.html]
[cdn.shopify.com/s/files/1/0357/4556/2761/t/20/assets/gem-page-product-1626845476a0fc.js]
[www.kenkoback.com/products/lumbartrax-lumbar-traction-device.oembed]
[cdn.shopify.com/s/files/1/0357/4556/2761/t/20/assets/gem-page-product-16351953233ea7.css]
[cdn.shopify.com/s/files/1/0357/4556/2761/products/badge_120x1201bc8.jpg]
[cdn.shopify.com/s/files/1/0357/4556/2761/products/CopyofDSC05511_1_2048x20481bc8.jpg]
[cdn.shopify.com/s/files/1/0357/4556/2761/products/CopyofDSC05511_1_120x1201bc8.jpg]
[cdn.shopify.com/s/files/1/0357/4556/2761/products/badge_2048x20481bc8.jpg]
[cdn.shopify.com/s/files/1/0357/4556/2761/products/SALT_2048x20481bc8.jpg]
[cdn.shopify.com/s/files/1/0357/4556/2761/products/SALT_120x1201bc8.jpg]
[cdn.shopify.com/s/files/1/0357/4556/2761/products/SALT_3-2_2048x20481bc8.jpg]
[cdn.shopify.com/s/files/1/0357/4556/2761/products/SALT_3-2_120x1201bc8.jpg]
[cdn.shopify.com/s/files/1/0357/4556/2761/products/SALT_4-2_2048x20481bc8.jpg]
[cdn.shopify.com/s/files/1/0357/4556/2761/products/SALT_4-2_120x1201bc8.jpg]
[cdn.shopify.com/s/files/1/0357/4556/2761/products/1_f3e013d0-902e-40ce-a670-399453e6dfe5_2048x20481bc8.jpg]
[cdn.shopify.com/s/files/1/0357/4556/2761/products/1_f3e013d0-902e-40ce-a670-399453e6dfe5_120x1201bc8.jpg]
[cdn.shopify.com/s/files/1/0357/4556/2761/products/SALT_5-2_2048x20481bc8.jpg]
[cdn.shopify.com/s/files/1/0357/4556/2761/products/SALT_5-2_120x1201bc8.jpg]
[cdn.shopify.com/s/files/1/0357/4556/2761/products/shopifyback-end_8c353777-a366-4a06-8063-ba249e798839_2048x20481bc8.jpg]
[cdn.shopify.com/s/files/1/0357/4556/2761/products/shopifyback-end_8c353777-a366-4a06-8063-ba249e798839_120x1201bc8.jpg]
[cdn.shopify.com/s/files/1/0357/4556/2761/products/Untitleddesign_29_2048x20481bc8.jpg]
[cdn.shopify.com/s/files/1/0357/4556/2761/products/Untitleddesign_29_120x1201bc8.jpg]
[cdn.shopify.com/s/files/1/0357/4556/2761/products/Untitleddesign_30_2048x20481bc8.jpg]
[cdn.shopify.com/s/files/1/0357/4556/2761/products/Untitleddesign_30_120x1201bc8.jpg]
[ucarecdn.com/69b630c5-24e6-4c3b-9926-198f1fd0cb40/-/format/auto/-/preview/120x120/-/quality/lighter/Untitled-2.png]
[ucarecdn.com/87f5ecb2-9b77-4fab-8100-598f0b51ffdb/-/format/auto/-/preview/120x120/-/quality/lighter/SALT_3-2.jpg]
[ucarecdn.com/eda289af-ab18-4ddb-9ed4-078bbac581a2/-/format/auto/-/preview/120x120/-/quality/lighter/LTR_7.jpg]
[ucarecdn.com/732ff0bb-4961-4cb2-8033-67d09de35646/-/format/auto/-/preview/120x120/-/quality/lighter/LTR_6.jpg]
[ucarecdn.com/b4cf361a-8271-42b9-8400-16a7a6936de2/-/format/auto/-/preview/120x120/-/quality/lighter/LTR_5.jpg]
[ucarecdn.com/4565388a-8a28-4dfe-8a1b-c87824c12f96/-/format/auto/-/preview/120x120/-/quality/lighter/Untitled-3.png]
[ucarecdn.com/15882a95-d1d5-4e79-91be-d652151ed507/-/format/auto/-/preview/120x120/-/quality/lighter/s6.jpg]
[ucarecdn.com/4adb373c-b3b9-40f7-b220-3bdaa36f889e/-/format/auto/-/preview/120x120/-/quality/lighter/LTR_7.jpg]
[ucarecdn.com/c318b288-d278-4490-a663-986aaf45fd54/-/format/auto/-/preview/120x120/-/quality/lighter/LTR_6.jpg]
[ucarecdn.com/e0617b2c-3629-4f67-b641-56bacb86217d/-/format/auto/-/preview/120x120/-/quality/lighter/LTR_5.jpg]
[www.kenkoback.com/products/lumbartrax-lumbar-traction-device.html]
[cdn.shopify.com/s/files/1/0357/4556/2761/t/20/assets/gem-page-product-163519532395d9.js]
[www.kenkoback.com/products/infrared-back-massager.oembed]
[cdn.shopify.com/shopifycloud/checkout-web/assets/Information_Payment_ShopPay.baseline.en.3df3a5d3803feeeec9b8.js]
[cdn.shopify.com/shopifycloud/checkout-web/assets/Information.baseline.en.98d86a37a163d93dcc77.js]
[cdn.shopify.com/shopifycloud/checkout-web/assets/checkout-web-ui_app.baseline.en.547185dcb5079f125c5f.js]
[cdn.shopify.com/shopifycloud/checkout-web/assets/vendors_app.baseline.en.2b1c14347409b5fb5075.js]
[cdn.shopify.com/shopifycloud/checkout-web/assets/checkout-web-packages_app.baseline.en.ddcd8ce07be6dbf96bc0.js]
[cdn.shopify.com/shopifycloud/checkout-web/assets/vendors_app.baseline.en.da552f3928a24ae32f87.css]
[cdn.shopify.com/shopifycloud/checkout-web/assets/app.baseline.en.e09138a81459c5c0f118.css]
[cdn.shopify.com/shopifycloud/checkout-web/assets/Information_Payment_ShopPay.baseline.en.b9cdf9f4140af0ef41f2.css]
[cdn.shopify.com/s/files/1/0357/4556/2761/t/20/assets/gem-page-product-1624336023cbd8.css]
[cdn.shopify.com/s/files/1/0357/4556/2761/products/BWB_120x120fbc0.jpg]
[cdn.shopify.com/s/files/1/0357/4556/2761/products/LS_2048x2048fbc0.jpg]
[cdn.shopify.com/s/files/1/0357/4556/2761/products/LS_120x120fbc0.jpg]
[cdn.shopify.com/s/files/1/0357/4556/2761/products/BWB_2048x2048fbc0.jpg]
[cdn.shopify.com/s/files/1/0357/4556/2761/products/WB2_2048x2048fbc0.jpg]
[cdn.shopify.com/s/files/1/0357/4556/2761/products/WB2_120x120fbc0.jpg]
[cdn.shopify.com/s/files/1/0357/4556/2761/products/WB3_2048x2048fbc0.jpg]
[cdn.shopify.com/s/files/1/0357/4556/2761/products/WB3_120x120fbc0.jpg]
[cdn.shopify.com/s/files/1/0357/4556/2761/products/WBX2_2048x2048fbc0.jpg]
[cdn.shopify.com/s/files/1/0357/4556/2761/products/WBX2_120x120fbc0.jpg]
[cdn.shopify.com/s/files/1/0357/4556/2761/products/Untitleddesign_21_2048x204800e2.jpg]
[cdn.shopify.com/s/files/1/0357/4556/2761/products/Untitleddesign_21_120x12000e2.jpg]
[ucarecdn.com/dfe7b924-ebd8-43be-bd7b-6c7b66b494f5/-/format/auto/-/preview/120x120/-/quality/lighter/H7b1f4533486d46a1a66ac1bbcb63d838E.jpg]
[ucarecdn.com/3e85404a-e07c-4cf4-bca7-896e55a78b85/-/format/auto/-/preview/120x120/-/quality/lighter/4793d408-ef14-4cc4-9721-56fdb24577ef.__CR0,0,970,600_PT0_SX970_V1___ _1_.jpg]
[ucarecdn.com/57f31c71-f4d2-4f93-a344-c680c71ffa28/-/format/auto/-/preview/120x120/-/quality/lighter/H6b2255b601c640dd94bddec188f047a34.jpg]
[ucarecdn.com/b6fc03a2-3856-4d32-8a7d-8b87a6a691a0/-/format/auto/-/preview/120x120/-/quality/lighter/LS.jpg]
[ucarecdn.com/59e59270-60f8-4261-b74f-059abea72512/-/format/auto/-/preview/120x120/-/quality/lighter/Hcd5916312d1249a99c49e57a0905f23fT _1_.jpg]
[ucarecdn.com/cfc03e68-8dbc-4d79-aaf8-ddbee4b1ff0e/-/format/auto/-/preview/120x120/-/quality/lighter/LS.jpg]
[ucarecdn.com/005ee061-65f9-42e0-92f8-7169ed6d03a7/-/format/auto/-/preview/120x120/-/quality/lighter/H7b1f4533486d46a1a66ac1bbcb63d838E _1_.jpg]
[ucarecdn.com/4e984c25-3343-459b-9000-d8c4184f51f8/-/format/auto/-/preview/120x120/-/quality/lighter/H6b2255b601c640dd94bddec188f047a34 _1_.jpg]
[ucarecdn.com/c1870915-7bc1-454d-bb78-1343f21296bf/-/format/auto/-/preview/120x120/-/quality/lighter/H48be8190ec87494a9466a0058140cce0O _1_.jpg]
[ucarecdn.com/974a38f9-b704-4b2a-9298-7f4baf6e3f9f/-/format/auto/-/preview/120x120/-/quality/lighter/Hcd5916312d1249a99c49e57a0905f23fT _1_.jpg]
[www.kenkoback.com/products/infrared-back-massager.html]
[cdn.shopify.com/s/files/1/0357/4556/2761/t/20/assets/gem-page-product-16243360238077.js]
[www.kenkoback.com/products/back-pain-relief-patches-1.oembed]
[cdn.shopify.com/s/files/1/0357/4556/2761/t/20/assets/gem-page-product-163540101154f1.css]
[cdn.shopify.com/s/files/1/0357/4556/2761/products/Buy1Get1FREE_87ddbb14-5ca2-448f-a84b-1999b4a8caf7_120x120d62b.jpg]
[cdn.shopify.com/s/files/1/0357/4556/2761/products/CopyofDSC05801_1_2048x2048d62b.jpg]
[cdn.shopify.com/s/files/1/0357/4556/2761/products/CopyofDSC05801_1_120x120d62b.jpg]
[cdn.shopify.com/s/files/1/0357/4556/2761/products/Buy1Get1FREE_87ddbb14-5ca2-448f-a84b-1999b4a8caf7_2048x2048d62b.jpg]
[cdn.shopify.com/s/files/1/0357/4556/2761/products/60DaysGuarantee_9c3f324b-fafc-4e77-a124-21efbfe81577_2048x2048d62b.jpg]
[cdn.shopify.com/s/files/1/0357/4556/2761/products/60DaysGuarantee_9c3f324b-fafc-4e77-a124-21efbfe81577_120x120d62b.jpg]
[cdn.shopify.com/s/files/1/0357/4556/2761/products/Features_87bed680-73dd-414a-8ee6-4478dc3a1600_2048x2048d62b.jpg]
[cdn.shopify.com/s/files/1/0357/4556/2761/products/Features_87bed680-73dd-414a-8ee6-4478dc3a1600_120x120d62b.jpg]
[cdn.shopify.com/s/files/1/0357/4556/2761/products/Benefits_2679716f-1f89-452b-9652-346dfc5f9ef2_2048x2048d62b.jpg]
[cdn.shopify.com/s/files/1/0357/4556/2761/products/Benefits_2679716f-1f89-452b-9652-346dfc5f9ef2_120x120d62b.jpg]
[cdn.shopify.com/s/files/1/0357/4556/2761/products/Pain_b1fff74a-c89b-430a-bb67-9e3df7f0b38e_2048x2048d62b.jpg]
[cdn.shopify.com/s/files/1/0357/4556/2761/products/Pain_b1fff74a-c89b-430a-bb67-9e3df7f0b38e_120x120d62b.jpg]
[ucarecdn.com/13662300-7ff9-4a09-bd2f-e46adf18b059/-/format/auto/-/preview/120x120/-/quality/lighter/Untitled-1 _1_.jpg]
[ucarecdn.com/11403c96-ed95-4b1f-836d-eed395eead4f/-/format/auto/-/preview/120x120/-/quality/lighter/Untitled-2 _1_.jpg]
[ucarecdn.com/858adeb5-87a2-4b75-8881-1dc77937c4f5/ezgif.com-resize.gif]
[ucarecdn.com/57dca06d-57ae-405f-b3eb-1a6d0246f585/-/format/auto/-/preview/120x120/-/quality/lighter/BackPainNA.jpg]
[ucarecdn.com/1628d314-b5a8-42e0-8576-db751a0a60cd/-/format/auto/-/preview/120x120/-/quality/lighter/Benefits.jpg]
[ucarecdn.com/f5e85310-abff-4e10-8f58-9b45d406c391/-/format/auto/-/preview/120x120/-/quality/lighter/Features.jpg]
[ucarecdn.com/25945996-6415-4199-af58-a568e7746240/-/format/auto/-/preview/120x120/-/quality/lighter/Buy 1 Get 1 FREE.jpg]
[ucarecdn.com/919066e7-0672-4d69-8fa6-78482f45cacf/-/format/auto/-/preview/120x120/-/quality/lighter/r4.jpg]
[ucarecdn.com/f2f77183-f44e-4a1a-8abf-8a44581d329c/-/format/auto/-/preview/120x120/-/quality/lighter/r2.jpg]
[ucarecdn.com/7ed1aa45-9dfd-4823-b397-bb88dc8dee8b/-/format/auto/-/preview/120x120/-/quality/lighter/r5.jpg]
[ucarecdn.com/3985769f-1f57-4d1f-b900-6108a662229c/-/format/auto/-/preview/120x120/-/quality/lighter/Untitled-1 _1_.jpg]
[ucarecdn.com/efb8cb6d-fe89-440a-9a7e-be2aa8b30741/-/format/auto/-/preview/120x120/-/quality/lighter/Untitled-2 _1_.jpg]
[ucarecdn.com/a98c73aa-2cc9-4240-b88c-f4e09b822c2f/ezgif.com-resize.gif]
[ucarecdn.com/d0a3d5dd-a03f-412f-b078-e5a4bd9f7d0e/-/format/auto/-/preview/120x120/-/quality/lighter/BackPainNA.jpg]
[ucarecdn.com/a00c6ab9-6ea6-4b29-b27f-091dbdbefe0f/-/format/auto/-/preview/120x120/-/quality/lighter/Benefits.jpg]
[ucarecdn.com/85cbffea-15c8-4d99-b597-ae8b51fe6500/-/format/auto/-/preview/120x120/-/quality/lighter/Features.jpg]
[ucarecdn.com/711081c0-6611-4961-b1e1-b509ffad357f/-/format/auto/-/preview/120x120/-/quality/lighter/Buy 1 Get 1 FREE.jpg]
[ucarecdn.com/fc88fade-4fdb-4199-a893-8c27d6142911/-/format/auto/-/preview/120x120/-/quality/lighter/r4.jpg]
[ucarecdn.com/edbebc24-9481-45fd-987e-7004ef867487/-/format/auto/-/preview/100x100/-/quality/lighter/r2.jpg]
[ucarecdn.com/ae387077-a055-4e8d-a8b4-e26134945def/-/format/auto/-/preview/120x120/-/quality/lighter/r5.jpg]
[www.kenkoback.com/products/back-pain-relief-patches-1.html]
[cdn.shopify.com/s/files/1/0357/4556/2761/t/20/assets/gem-page-product-16354010119190.js]
[www.kenkoback.com/products/kenko-patch.oembed]
[cdn.shopify.com/s/files/1/0357/4556/2761/t/20/assets/gem-page-product-1656593095e85e.css]
[cdn.shopify.com/s/files/1/0357/4556/2761/products/FootPatch-Shopify_120x120e178.jpg]
[cdn.shopify.com/s/files/1/0357/4556/2761/products/FootPatch-Shopify_2048x2048e178.jpg]
[cdn.shopify.com/s/files/1/0357/4556/2761/products/KenkoPatch50_Off_2048x2048a09f.jpg]
[cdn.shopify.com/s/files/1/0357/4556/2761/products/KenkoPatch50_Off_120x120a09f.jpg]
[cdn.shopify.com/s/files/1/0357/4556/2761/products/20_2048x2048a09f.jpg]
[cdn.shopify.com/s/files/1/0357/4556/2761/products/20_120x120a09f.jpg]
[cdn.shopify.com/s/files/1/0357/4556/2761/products/KenkoPatchBenefits_2048x20486b4b.jpg]
[cdn.shopify.com/s/files/1/0357/4556/2761/products/KenkoPatchBenefits_120x1206b4b.jpg]
[cdn.shopify.com/s/files/1/0357/4556/2761/products/19_2048x20486b4b.jpg]
[cdn.shopify.com/s/files/1/0357/4556/2761/products/19_120x1206b4b.jpg]
[cdn.shopify.com/s/files/1/0357/4556/2761/products/21_2048x20486b4b.jpg]
[cdn.shopify.com/s/files/1/0357/4556/2761/products/21_120x1206b4b.jpg]
[cdn.shopify.com/s/files/1/0357/4556/2761/products/22_2048x20486b4b.jpg]
[cdn.shopify.com/s/files/1/0357/4556/2761/products/22_120x1206b4b.jpg]
[cdn.shopify.com/s/files/1/0357/4556/2761/products/SKP_2048x20486b4b.jpg]
[cdn.shopify.com/s/files/1/0357/4556/2761/products/SKP_120x1206b4b.jpg]
[cdn.shopify.com/s/files/1/0357/4556/2761/products/H6ea3fcb15c2745b7adef008bb60c9735r_2048x20486b4b.jpg]
[cdn.shopify.com/s/files/1/0357/4556/2761/products/H6ea3fcb15c2745b7adef008bb60c9735r_120x1206b4b.jpg]
[cdn.shopify.com/s/files/1/0357/4556/2761/products/SKP2_2048x20486b4b.jpg]
[cdn.shopify.com/s/files/1/0357/4556/2761/products/SKP2_120x1206b4b.jpg]
[cdn.shopify.com/s/files/1/0357/4556/2761/products/1Box_2048x20489c68.jpg]
[cdn.shopify.com/s/files/1/0357/4556/2761/products/1Box_120x1209c68.jpg]
[cdn.shopify.com/s/files/1/0357/4556/2761/products/2Boxes_2048x2048c4d0.jpg]
[cdn.shopify.com/s/files/1/0357/4556/2761/products/2Boxes_120x120c4d0.jpg]
[cdn.shopify.com/s/files/1/0357/4556/2761/products/3Boxes_2048x2048026b.jpg]
[cdn.shopify.com/s/files/1/0357/4556/2761/products/3Boxes_120x120026b.jpg]
[cdn.shopify.com/s/files/1/0357/4556/2761/products/4Boxes_2048x204833d0.jpg]
[cdn.shopify.com/s/files/1/0357/4556/2761/products/4Boxes_120x12033d0.jpg]
[ucarecdn.com/9d99140b-b48c-44a7-a8f9-b2aa3501063d/-/format/auto/-/preview/120x120/-/quality/lighter/AKP3.jpg]
[ucarecdn.com/83ab50d3-b6c1-411c-a4c1-56ded3b9a9a2/-/format/auto/-/preview/120x120/-/quality/lighter/AKP3.jpg]
[ucarecdn.com/e4a5c251-9b7f-496d-8344-af940dab3655/-/format/auto/-/preview/120x120/-/quality/lighter/Foot Patch - Benefits.jpg]
[ucarecdn.com/2c5ed1dc-6e65-4a28-a2db-3506a8fc1012/-/format/auto/-/preview/120x120/-/quality/lighter/d816ac32f05d3ee4f24b0f2d10d5b13f.png]
[ucarecdn.com/d0351e1f-2216-4179-9306-9986d1afcaf5/-/format/auto/-/preview/120x120/-/quality/lighter/Loquat Leaf.jpg]
[ucarecdn.com/ce1c674d-f2bf-4db7-a79a-22892fdf4697/-/format/auto/-/preview/120x120/-/quality/lighter/Houttuynia Cordata Thunb.jpg]
[ucarecdn.com/46cbd1ff-1525-416e-bb31-8f9ec3e90929/-/format/auto/-/preview/120x120/-/quality/lighter/Dextrin.jpg]
[ucarecdn.com/011b30e7-f79d-4a9d-b810-9178b85e2a48/-/format/auto/-/preview/120x120/-/quality/lighter/Vitamin C.jpg]
[ucarecdn.com/b43868d8-2215-4e46-ad0f-ddca8f857d0e/-/format/auto/-/preview/120x120/-/quality/lighter/Wood Vinegar.jpg]
[ucarecdn.com/2dd9859c-4939-4692-b86e-576d00721f1c/-/format/auto/-/preview/120x120/-/quality/lighter/Tourmaline.jpg]
[ucarecdn.com/05e1f4f4-eea8-417d-90ad-69fa69c77bf8/-/format/auto/-/preview/120x120/-/quality/lighter/Anion.jpg]
[ucarecdn.com/6219cad1-425d-4411-99a7-8ba7ad50d0ec/-/format/auto/-/preview/120x120/-/quality/lighter/Bamboo Vinegar.jpg]
[ucarecdn.com/a28b1774-18c9-46c4-9f32-1507dcd9a566/-/format/auto/-/preview/120x120/-/quality/lighter/Stay At Home Mothers.jpg]
[ucarecdn.com/8884cf8a-dce3-4ff6-a113-43c7409e8735/-/format/auto/-/preview/120x120/-/quality/lighter/Office Workers.jpg]
[ucarecdn.com/0e9e023e-876d-4130-b033-a965d1fc795b/-/format/auto/-/preview/120x120/-/quality/lighter/Insomniac Person.jpg]
[ucarecdn.com/1bcdbe2a-4581-49ed-b41c-6ee53d8a742b/-/format/auto/-/preview/120x120/-/quality/lighter/Sedentary Lifestyle.jpg]
[ucarecdn.com/831e9c82-d419-4c19-97ae-3785c9d923c1/-/format/auto/-/preview/120x120/-/quality/lighter/Eating Disorders.jpg]
[ucarecdn.com/4e169b5b-7b87-41b7-8030-0b71c3d9ef88/-/format/auto/-/preview/120x120/-/quality/lighter/Alcohol Use Disorders.jpg]
[ucarecdn.com/6146f3af-350e-47fa-ad15-b99019869bd3/-/format/auto/-/preview/120x120/-/quality/lighter/HOW TO USE THE KENKO PATCH™ 1.jpg]
[ucarecdn.com/848e95d3-852b-4b91-8888-5058db6d4426/-/format/auto/-/preview/120x120/-/quality/lighter/HOW TO USE THE KENKO PATCH™ 2.jpg]
[ucarecdn.com/bd4fdb70-82cd-4b4f-9a6e-5dac3bd6242d/-/format/auto/-/preview/120x120/-/quality/lighter/HOW TO USE THE KENKO PATCH™ 3.jpg]
[ucarecdn.com/d4730eb7-da12-4f8e-a415-f68da992aafb/-/format/auto/-/preview/120x120/-/quality/lighter/HOW TO USE THE KENKO PATCH™ 4.jpg]
[ucarecdn.com/4f2ea3ea-418b-4453-84be-11c0806cff99/-/format/auto/-/preview/120x120/-/quality/lighter/Woman 3.jpg]
[ucarecdn.com/4c09e6f1-2bfa-40f3-9d44-370cd39603d9/-/format/auto/-/preview/120x120/-/quality/lighter/Woman 2.jpg]
[ucarecdn.com/e5da101a-9d88-410f-91ab-29196d241f32/-/format/auto/-/preview/120x120/-/quality/lighter/Woman.jpg]
[ucarecdn.com/5a2ab4b4-868b-42c4-80c4-e676a583846c/-/format/auto/-/preview/100x100/-/quality/lighter/60 Day Money Back.png]
[www.kenkoback.com/products/kenko-patch.html]
[cdn.shopify.com/s/files/1/0357/4556/2761/t/20/assets/gem-page-product-16565930953c62.js]
[www.kenkoback.com/products/neurosocks.oembed]
[cdn.shopify.com/s/files/1/0357/4556/2761/t/20/assets/gem-page-product-16486053989c29.css]
[cdn.shopify.com/s/files/1/0357/4556/2761/products/4_120x120e563.jpg]
[cdn.shopify.com/s/files/1/0357/4556/2761/products/4_2048x2048e563.jpg]
[cdn.shopify.com/s/files/1/0357/4556/2761/products/NeuroSocks-50_OFF_2048x20487ce0.jpg]
[cdn.shopify.com/s/files/1/0357/4556/2761/products/NeuroSocks-50_OFF_120x1207ce0.jpg]
[cdn.shopify.com/s/files/1/0357/4556/2761/products/2_c17dfb6a-019f-4f67-aad9-0d812d013570_2048x20487ce0.jpg]
[cdn.shopify.com/s/files/1/0357/4556/2761/products/2_c17dfb6a-019f-4f67-aad9-0d812d013570_120x1207ce0.jpg]
[cdn.shopify.com/s/files/1/0357/4556/2761/products/3_2048x20487ce0.jpg]
[cdn.shopify.com/s/files/1/0357/4556/2761/products/3_120x1207ce0.jpg]
[cdn.shopify.com/s/files/1/0357/4556/2761/products/1_39455af4-590c-4e0a-ad5b-e07ece92cf9a_2048x20487ce0.jpg]
[cdn.shopify.com/s/files/1/0357/4556/2761/products/1_39455af4-590c-4e0a-ad5b-e07ece92cf9a_120x1207ce0.jpg]
[cdn.shopify.com/s/files/1/0357/4556/2761/products/socl_2048x2048163e.png]
[cdn.shopify.com/s/files/1/0357/4556/2761/products/socl_120x120163e.png]
[cdn.shopify.com/s/files/1/0357/4556/2761/products/ProductImages_2048x2048163e.png]
[cdn.shopify.com/s/files/1/0357/4556/2761/products/ProductImages_120x120163e.png]
[cdn.shopify.com/s/files/1/0357/4556/2761/products/3_2048x2048163e.png]
[cdn.shopify.com/s/files/1/0357/4556/2761/products/3_120x120163e.png]
[cdn.shopify.com/s/files/1/0357/4556/2761/products/NeuroSocks-Offers3_1_2048x204817be.jpg]
[cdn.shopify.com/s/files/1/0357/4556/2761/products/NeuroSocks-Offers3_1_120x12017be.jpg]
[cdn.shopify.com/s/files/1/0357/4556/2761/products/NeuroSocks-Offers2_2048x204861e5.jpg]
[cdn.shopify.com/s/files/1/0357/4556/2761/products/NeuroSocks-Offers2_120x12061e5.jpg]
[cdn.shopify.com/s/files/1/0357/4556/2761/products/NeuroSocks-Offers1_2048x2048da9c.jpg]
[cdn.shopify.com/s/files/1/0357/4556/2761/products/NeuroSocks-Offers1_120x120da9c.jpg]
[cdn.shopify.com/s/files/1/0357/4556/2761/products/NeuroSocks-Offers4_2_2048x2048e6ca.jpg]
[cdn.shopify.com/s/files/1/0357/4556/2761/products/NeuroSocks-Offers4_2_120x120e6ca.jpg]
[cdn.shopify.com/s/files/1/0357/4556/2761/products/NeuroSocks-Offers6_4_2048x20487ead.jpg]
[cdn.shopify.com/s/files/1/0357/4556/2761/products/NeuroSocks-Offers6_4_120x1207ead.jpg]
[ucarecdn.com/0e46c313-8ae4-469a-8ca9-89e293f7cbf9/-/format/auto/-/preview/120x120/-/quality/lighter/NeuroSocks Sizing Guide.png]
[ucarecdn.com/82237f82-054f-4548-b1a3-35326336752f/-/format/auto/-/preview/120x120/-/quality/lighter/NeuroSocks Sizing Guide.png]
[ucarecdn.com/6fb69432-801b-4805-b92b-3548efdca398/-/format/auto/-/preview/120x120/-/quality/lighter/NeuroSocks Treat Foot Pain.png]
[ucarecdn.com/63f28908-a36b-4d63-b61b-36e86e0e774f/-/format/auto/-/preview/120x120/-/quality/lighter/NeuroSocks How does it work.png]
[ucarecdn.com/6f58f47f-0c2f-4538-ab83-45133c0e27c8/-/format/auto/-/preview/120x120/-/quality/lighter/NeuroSocks Perfect Compression Socks.png]
[ucarecdn.com/b48b4684-3deb-4752-969c-0d4f83d72e46/-/format/auto/-/preview/120x120/-/quality/lighter/NeuroSocks Features.png]
[ucarecdn.com/89d5fc57-e8d9-4d29-a63d-4e63a0814783/-/format/auto/-/preview/120x120/-/quality/lighter/NeuroSocks Treat Foot Pain.png]
[ucarecdn.com/79c20155-3252-465b-976c-951699f94d6c/-/format/auto/-/preview/120x120/-/quality/lighter/NeuroSocks How does it work.png]
[ucarecdn.com/752d9305-0bc1-404e-bf2b-eedf11b18010/-/format/auto/-/preview/120x120/-/quality/lighter/NeuroSocks Perfect Compression Socks.png]
[ucarecdn.com/795e24fc-37e3-4993-b70e-ca76812c1d1e/-/format/auto/-/preview/120x120/-/quality/lighter/NeuroSocks Features.png]
[img.funnelish.com/3700/22363/1647870712-2.jpg]
[img.funnelish.com/3700/22363/1647870727-1.jpg]
[img.funnelish.com/3700/22363/1647870761-3.jpg]
[img.funnelish.com/3700/22363/1647872795-Untitled-design-13-.jpg]
[img.funnelish.com/3700/22363/1647872790-Untitled-design-15-.jpg]
[img.funnelish.com/3700/22363/1647872787-Untitled-design-7-.png]
[img.funnelish.com/3700/22363/1647876609-2 (1).jpg]
[img.funnelish.com/3700/22363/1647876741-3 (1).jpg]
[img.funnelish.com/3700/22363/1647876751-1 (1).jpg]
[img.funnelish.com/3700/22363/1647877383-90-Day-Money-Back.png]
[www.kenkoback.com/products/neurosocks.html]
[cdn.shopify.com/s/files/1/0357/4556/2761/t/20/assets/gem-page-product-164860539892cc.js]
[www.kenkoback.com/products/knee-relieve.oembed]
[cdn.shopify.com/s/files/1/0357/4556/2761/t/20/assets/gem-page-product-16486217820bc5.css]
[cdn.shopify.com/s/files/1/0357/4556/2761/products/8_2048x2048e713.png]
[cdn.shopify.com/s/files/1/0357/4556/2761/products/8_120x120e713.png]
[cdn.shopify.com/s/files/1/0357/4556/2761/products/5_2048x2048d295.jpg]
[cdn.shopify.com/s/files/1/0357/4556/2761/products/5_120x120d295.jpg]
[cdn.shopify.com/s/files/1/0357/4556/2761/products/6_2048x2048d295.jpg]
[cdn.shopify.com/s/files/1/0357/4556/2761/products/6_120x120d295.jpg]
[cdn.shopify.com/s/files/1/0357/4556/2761/products/7_2048x2048d295.jpg]
[cdn.shopify.com/s/files/1/0357/4556/2761/products/7_120x120d295.jpg]
[cdn.shopify.com/s/files/1/0357/4556/2761/products/9_2048x2048d295.jpg]
[cdn.shopify.com/s/files/1/0357/4556/2761/products/9_120x120d295.jpg]
[cdn.shopify.com/s/files/1/0357/4556/2761/products/123_2048x2048d295.jpg]
[cdn.shopify.com/s/files/1/0357/4556/2761/products/123_120x120d295.jpg]
[cdn.shopify.com/s/files/1/0357/4556/2761/products/61h4xC1jrsL._AC_SL1001_2048x2048d295.jpg]
[cdn.shopify.com/s/files/1/0357/4556/2761/products/61h4xC1jrsL._AC_SL1001_120x120d295.jpg]
[cdn.shopify.com/s/files/1/0357/4556/2761/products/LifestyleImages_2048x2048d295.jpg]
[cdn.shopify.com/s/files/1/0357/4556/2761/products/LifestyleImages_120x120d295.jpg]
[cdn.shopify.com/s/files/1/0357/4556/2761/products/8_2048x2048d295.jpg]
[cdn.shopify.com/s/files/1/0357/4556/2761/products/8_120x120d295.jpg]
[cdn.shopify.com/s/files/1/0357/4556/2761/products/16_25ef44a9-ae4e-4ee4-ae1c-afc838f16462_2048x2048d295.png]
[cdn.shopify.com/s/files/1/0357/4556/2761/products/16_25ef44a9-ae4e-4ee4-ae1c-afc838f16462_120x120d295.png]
[cdn.shopify.com/s/files/1/0357/4556/2761/products/18_10d47308-bf2e-40c2-99f5-1edb6029359b_2048x2048d295.png]
[cdn.shopify.com/s/files/1/0357/4556/2761/products/18_10d47308-bf2e-40c2-99f5-1edb6029359b_120x120d295.png]
[cdn.shopify.com/s/files/1/0357/4556/2761/products/17_5659111f-9cc7-44e0-9110-7fd984d1fc47_2048x2048d295.png]
[cdn.shopify.com/s/files/1/0357/4556/2761/products/17_5659111f-9cc7-44e0-9110-7fd984d1fc47_120x120d295.png]
[cdn.shopify.com/s/files/1/0357/4556/2761/products/19_9c26e253-61ba-4092-9b89-78db12b9cdaf_2048x2048d295.png]
[cdn.shopify.com/s/files/1/0357/4556/2761/products/19_9c26e253-61ba-4092-9b89-78db12b9cdaf_120x120d295.png]
[img.funnelish.com/3700/22419/1647936541-dadfadd.jpg]
[img.funnelish.com/3700/22419/1647936582-dfadfad.jpg]
[img.funnelish.com/3700/22419/1648436300-2.png]
[img.funnelish.com/3700/22419/1648436293-1.png]
[img.funnelish.com/3700/22419/1648436303-3.png]
[www.kenkoback.com/products/knee-relieve.html]
[cdn.shopify.com/s/files/1/0357/4556/2761/t/20/assets/gem-page-product-16486217822f31.js]
[www.kenkoback.com/products/knee-pain-relief-patches.oembed]
[cdn.shopify.com/s/files/1/0357/4556/2761/t/20/assets/gem-page-product-1635408516d110.css]
[cdn.shopify.com/s/files/1/0357/4556/2761/products/Buy1Get1FREE_120x1202d14.jpg]
[cdn.shopify.com/s/files/1/0357/4556/2761/products/CopyofDSC05730_1_2048x20482d14.jpg]
[cdn.shopify.com/s/files/1/0357/4556/2761/products/CopyofDSC05730_1_120x1202d14.jpg]
[cdn.shopify.com/s/files/1/0357/4556/2761/products/Buy1Get1FREE_2048x20482d14.jpg]
[cdn.shopify.com/s/files/1/0357/4556/2761/products/60DaysGuarantee_2048x20482d14.jpg]
[cdn.shopify.com/s/files/1/0357/4556/2761/products/60DaysGuarantee_120x1202d14.jpg]
[cdn.shopify.com/s/files/1/0357/4556/2761/products/Benefits_2048x20482d14.jpg]
[cdn.shopify.com/s/files/1/0357/4556/2761/products/Benefits_120x1202d14.jpg]
[cdn.shopify.com/s/files/1/0357/4556/2761/products/Features_2048x20482d14.jpg]
[cdn.shopify.com/s/files/1/0357/4556/2761/products/Features_120x1202d14.jpg]
[cdn.shopify.com/s/files/1/0357/4556/2761/products/Pain_2048x20482d14.jpg]
[cdn.shopify.com/s/files/1/0357/4556/2761/products/Pain_120x1202d14.jpg]
[ucarecdn.com/ce7fb974-8441-4ad2-a39e-621b22b933f4/-/format/auto/-/preview/120x120/-/quality/lighter/Untitled-1-2.jpg]
[ucarecdn.com/cf08fa06-9538-4163-ae73-57d1d4ea26d0/ezgif.com-resize-3.gif]
[ucarecdn.com/9d745699-c149-44cb-8b3b-df8aa2245d8a/ezgif.com-resize-2.gif]
[ucarecdn.com/0c143dfe-f483-4aad-bd5a-c8cf0255d071/-/format/auto/-/preview/120x120/-/quality/lighter/KneePainNA.jpg]
[ucarecdn.com/d85b6f44-b8b6-4eb8-b8c5-bbb5a1181867/-/format/auto/-/preview/120x120/-/quality/lighter/Features.jpg]
[ucarecdn.com/6d53a9e1-2fb2-4e53-be1f-b3bc5efc07c7/-/format/auto/-/preview/120x120/-/quality/lighter/Benefits.jpg]
[ucarecdn.com/9990d969-9dbb-4567-adfb-7c2a745dfc9c/-/format/auto/-/preview/120x120/-/quality/lighter/Buy 1 Get 1 FREE.jpg]
[ucarecdn.com/2c5d274a-2cf2-43f9-a95a-adf7e5315422/-/format/auto/-/preview/120x120/-/quality/lighter/Untitled-1.jpg]
[ucarecdn.com/46849eff-4f17-4297-9d7e-08ae94f52f4f/-/format/auto/-/preview/120x120/-/quality/lighter/Untitled-3.jpg]
[ucarecdn.com/fc500461-2f59-4aa2-bc75-dfc536900855/-/format/auto/-/preview/120x120/-/quality/lighter/Untitled-2.jpg]
[ucarecdn.com/1d24d5ea-f762-4996-a487-14fa9efeb590/-/format/auto/-/preview/120x120/-/quality/lighter/Untitled-1-2.jpg]
[ucarecdn.com/e7af4027-e7b4-40f8-b03d-ae14d7f52f07/ezgif.com-resize-3.gif]
[ucarecdn.com/a3ce03d3-c56d-43c3-9a9a-7d41f2469c0c/ezgif.com-resize-2.gif]
[ucarecdn.com/cefed0b4-fb37-4365-9930-62fbf87d342a/-/format/auto/-/preview/120x120/-/quality/lighter/KneePainNA.jpg]
[ucarecdn.com/e0d434a8-314c-43cf-864a-18b32a5dcde7/-/format/auto/-/preview/120x120/-/quality/lighter/Features.jpg]
[ucarecdn.com/07d2de1b-bb02-4368-bd44-ec1cd54efa61/-/format/auto/-/preview/120x120/-/quality/lighter/Benefits.jpg]
[ucarecdn.com/292f7797-159e-4eb1-a868-c0b6e166185a/-/format/auto/-/preview/120x120/-/quality/lighter/Buy 1 Get 1 FREE.jpg]
[ucarecdn.com/3f592a6c-627f-481c-8d92-0e9b202a684d/-/format/auto/-/preview/120x120/-/quality/lighter/Untitled-1.jpg]
[ucarecdn.com/7fd1897d-f5a5-41d8-a5eb-98e84c60ec96/-/format/auto/-/preview/100x100/-/quality/lighter/Untitled-3.jpg]
[ucarecdn.com/a83d656f-97f9-4a18-bf06-e49040f64468/-/format/auto/-/preview/100x100/-/quality/lighter/Untitled-2.jpg]
[www.kenkoback.com/products/knee-pain-relief-patches.html]
[cdn.shopify.com/s/files/1/0357/4556/2761/t/20/assets/gem-page-product-16354085167e07.js]
[www.kenkoback.com/products/ems-device.oembed]
[cdn.shopify.com/s/files/1/0357/4556/2761/t/20/assets/gem-page-product-1645159297cd2a.css]
[cdn.shopify.com/s/files/1/0357/4556/2761/products/1201385149067204-WNW-Pty-Ltd-1x1-SZ-2.02_1_120x120ac76.jpg]
[cdn.shopify.com/s/files/1/0357/4556/2761/products/1201385149067204-WNW-Pty-Ltd-1x1-SZ-2.02_1_2048x2048ac76.jpg]
[cdn.shopify.com/s/files/1/0357/4556/2761/products/1201385149067204-WNW-Pty-Ltd-1x1-SZ-1.02_2048x2048c3ce.jpg]
[cdn.shopify.com/s/files/1/0357/4556/2761/products/1201385149067204-WNW-Pty-Ltd-1x1-SZ-1.02_120x120c3ce.jpg]
[cdn.shopify.com/s/files/1/0357/4556/2761/products/1201385149067204-WNW-Pty-Ltd-1x1-SZ-3.02_2048x2048ac6b.jpg]
[cdn.shopify.com/s/files/1/0357/4556/2761/products/1201385149067204-WNW-Pty-Ltd-1x1-SZ-3.02_120x120ac6b.jpg]
[cdn.shopify.com/s/files/1/0357/4556/2761/products/1201385149067204-WNW-Pty-Ltd-1x1-SZ-4.02_2048x2048b7e6.jpg]
[cdn.shopify.com/s/files/1/0357/4556/2761/products/1201385149067204-WNW-Pty-Ltd-1x1-SZ-4.02_120x120b7e6.jpg]
[info.kenkoback.com/hosted/images/5b/a44daa645343e7b8c808a2b4c4c5ad/1201386235968598---WNW-Pty-LTD---1x1---GS---1.02_2.3e0.delayed]
[info.kenkoback.com/hosted/images/ea/1944d9776f48988800087b8fa742fe/1201386235968598---WNW-Pty-LTD---1x1---GS---2.01_2.3e1.delayed]
[ucarecdn.com/877a0102-4c4d-45d2-b10c-e7fab465ce4b/-/format/auto/-/preview/120x120/-/quality/lighter/1201385149067204-WNW-Pty-Ltd-1x1-SZ-4.02.jpg]
[ucarecdn.com/7471d70a-4641-4cae-9119-14b834b8f9c1/-/format/auto/-/preview/120x120/-/quality/lighter/1201385149067204-WNW-Pty-Ltd-1x1-SZ-3.02.jpg]
[info.kenkoback.com/hosted/images/2f/440623702c4ca89121b8a48b852bc3/1201386235968598---WNW-Pty-LTD---1x1---GS---4.02_2.3e4.delayed]
[ucarecdn.com/35e80775-fb8e-49e6-b01f-8a29396e9cdb/-/format/auto/-/preview/120x120/-/quality/lighter/1201385149067204-WNW-Pty-Ltd-1x1-SZ-1.02.jpg]
[ucarecdn.com/2c83d881-d0db-4e5e-bfdd-3f959c98baac/-/format/auto/-/preview/120x120/-/quality/lighter/1201385149067204-WNW-Pty-Ltd-1x1-SZ-1.02 _1_.jpg]
[ucarecdn.com/ece9fe57-ba28-4d3b-a6bf-f96579265465/-/format/auto/-/preview/120x120/-/quality/lighter/4J3DQMZd_i.jpeg]
[ucarecdn.com/c16f6dab-b1e0-4049-8bd8-2c021cd33b48/-/format/auto/-/preview/120x120/-/quality/lighter/4k9wQGb_Oj_mid.jpeg]
[ucarecdn.com/c6205975-3f3a-4a6f-bef4-043cc4b9c759/-/format/auto/-/preview/120x120/-/quality/lighter/EyRvQzZd_s_mid.jpeg]
[www.kenkoback.com/products/ems-device.html]
[cdn.shopify.com/s/files/1/0357/4556/2761/t/20/assets/gem-page-product-16451592977796.js]
[www.kenkoback.com/products/totalknee-instant-knee-pain-relief-device.oembed]
[cdn.shopify.com/s/files/1/0357/4556/2761/t/20/assets/gem-page-product-16352045213dad.css]
[cdn.shopify.com/s/files/1/0357/4556/2761/products/TKbadge2_120x12098a8.jpg]
[cdn.shopify.com/s/files/1/0357/4556/2761/products/PLTK_7_2048x204898a8.jpg]
[cdn.shopify.com/s/files/1/0357/4556/2761/products/PLTK_7_120x12098a8.jpg]
[cdn.shopify.com/s/files/1/0357/4556/2761/products/TKbadge2_2048x204898a8.jpg]
[cdn.shopify.com/s/files/1/0357/4556/2761/products/TKbadge_2048x204898a8.jpg]
[cdn.shopify.com/s/files/1/0357/4556/2761/products/TKbadge_120x12098a8.jpg]
[cdn.shopify.com/s/files/1/0357/4556/2761/products/PLTK_2_2048x204898a8.jpg]
[cdn.shopify.com/s/files/1/0357/4556/2761/products/PLTK_2_120x12098a8.jpg]
[cdn.shopify.com/s/files/1/0357/4556/2761/products/SATK_6_2048x2048eb4a.jpg]
[cdn.shopify.com/s/files/1/0357/4556/2761/products/SATK_6_120x120eb4a.jpg]
[cdn.shopify.com/s/files/1/0357/4556/2761/products/PLTK_3_2048x2048f1a2.jpg]
[cdn.shopify.com/s/files/1/0357/4556/2761/products/PLTK_3_120x120f1a2.jpg]
[cdn.shopify.com/s/files/1/0357/4556/2761/products/SATK_3_2048x2048c0c9.jpg]
[cdn.shopify.com/s/files/1/0357/4556/2761/products/SATK_3_120x120c0c9.jpg]
[cdn.shopify.com/s/files/1/0357/4556/2761/products/Untitleddesign_60_2048x20488001.jpg]
[cdn.shopify.com/s/files/1/0357/4556/2761/products/Untitleddesign_60_120x1208001.jpg]
[cdn.shopify.com/s/files/1/0357/4556/2761/products/Untitleddesign_59_2048x20488001.jpg]
[cdn.shopify.com/s/files/1/0357/4556/2761/products/Untitleddesign_59_120x1208001.jpg]
[ucarecdn.com/9c402d50-2403-401f-84ff-4a38e17ffabb/-/format/auto/-/preview/120x120/-/quality/lighter/PLTK_5.jpg]
[ucarecdn.com/3fafcace-3b4a-4336-99cc-84510d66df55/-/format/auto/-/preview/120x120/-/quality/lighter/PLTK_4.jpg]
[ucarecdn.com/96da3e8f-f99f-4454-97c2-e6e5023ba496/-/format/auto/-/preview/120x120/-/quality/lighter/TLR_2-2.jpg]
[ucarecdn.com/9e286394-4821-439b-81a4-ef389884afef/-/format/auto/-/preview/120x120/-/quality/lighter/TLR_1-2.jpg]
[ucarecdn.com/5456a8a5-d063-4c76-96de-3d266add2945/-/format/auto/-/preview/120x120/-/quality/lighter/TLR_4-2.jpg]
[ucarecdn.com/c6f6dfe7-9648-4f8a-8695-e0576e61b122/-/format/auto/-/preview/120x120/-/quality/lighter/PLTK_5.jpg]
[ucarecdn.com/598d0302-af26-4bb8-a2ea-bc3037804ce9/-/format/auto/-/preview/120x120/-/quality/lighter/PLTK_4.jpg]
[ucarecdn.com/14612baa-441b-4657-af83-c97eb4075bf3/-/format/auto/-/preview/120x120/-/quality/lighter/TLR_2-2.jpg]
[ucarecdn.com/ce4ff220-d0d7-482c-ba7d-e44094245093/-/format/auto/-/preview/120x120/-/quality/lighter/TLR_1-2.jpg]
[ucarecdn.com/c00bd189-3157-4481-aaf7-c236aea192f7/-/format/auto/-/preview/120x120/-/quality/lighter/TLR_4-2.jpg]
[www.kenkoback.com/products/totalknee-instant-knee-pain-relief-device.html]
[cdn.shopify.com/s/files/1/0357/4556/2761/t/20/assets/gem-page-product-1635204521a9e4.js]
[www.kenkoback.com/products/hand-wizard.oembed]
[cdn.shopify.com/s/files/1/0357/4556/2761/t/20/assets/gem-page-product-1620187929775e.css]
[cdn.shopify.com/s/files/1/0357/4556/2761/products/2_17f35944-5aec-446a-9d42-7bcdea711afa_1024x1024883d.jpg]
[cdn.shopify.com/s/files/1/0357/4556/2761/products/2_17f35944-5aec-446a-9d42-7bcdea711afa_2048x2048883d.jpg]
[cdn.shopify.com/s/files/1/0357/4556/2761/products/2_17f35944-5aec-446a-9d42-7bcdea711afa_480x480883d.jpg]
[cdn.shopify.com/s/files/1/0357/4556/2761/products/1_d52bd19b-e5f6-49b8-9e14-65db719c3c44_2048x2048883d.jpg]
[cdn.shopify.com/s/files/1/0357/4556/2761/products/1_d52bd19b-e5f6-49b8-9e14-65db719c3c44_480x480883d.jpg]
[cdn.shopify.com/s/files/1/0357/4556/2761/products/3_92616cc8-4988-4b7a-a44d-5e2b4cf4ed65_2048x2048883d.jpg]
[cdn.shopify.com/s/files/1/0357/4556/2761/products/3_92616cc8-4988-4b7a-a44d-5e2b4cf4ed65_480x480883d.jpg]
[cdn.shopify.com/s/files/1/0357/4556/2761/products/2_pieces_2048x2048883d.jpg]
[cdn.shopify.com/s/files/1/0357/4556/2761/products/2_pieces_480x480883d.jpg]
[cdn.shopify.com/s/files/1/0357/4556/2761/products/bundle_2048x20484b6c.jpg]
[cdn.shopify.com/s/files/1/0357/4556/2761/products/bundle_480x4804b6c.jpg]
[www.kenkoback.com/products/hand-wizard.html]
[cdn.shopify.com/s/files/1/0357/4556/2761/t/20/assets/gem-page-product-16201879298c3c.js]
[www.kenkoback.com/products/osteogloves.oembed]
[cdn.shopify.com/s/files/1/0357/4556/2761/t/20/assets/gem-page-product-16563086860d62.css]
[cdn.shopify.com/s/files/1/0357/4556/2761/products/OsteGlovesUse_2_2048x2048c91a.jpg]
[cdn.shopify.com/s/files/1/0357/4556/2761/products/OsteGlovesUse_2_120x120c91a.jpg]
[cdn.shopify.com/s/files/1/0357/4556/2761/products/10_2048x2048ccb2.jpg]
[cdn.shopify.com/s/files/1/0357/4556/2761/products/10_120x120ccb2.jpg]
[cdn.shopify.com/s/files/1/0357/4556/2761/products/11_2048x2048ccb2.jpg]
[cdn.shopify.com/s/files/1/0357/4556/2761/products/11_120x120ccb2.jpg]
[cdn.shopify.com/s/files/1/0357/4556/2761/products/12_2048x2048ccb2.jpg]
[cdn.shopify.com/s/files/1/0357/4556/2761/products/12_120x120ccb2.jpg]
[cdn.shopify.com/s/files/1/0357/4556/2761/products/OsteGlovesUse_4_2048x2048ccb2.jpg]
[cdn.shopify.com/s/files/1/0357/4556/2761/products/OsteGlovesUse_4_120x120ccb2.jpg]
[cdn.shopify.com/s/files/1/0357/4556/2761/products/OsteGlovesUse_8_2048x2048ccb2.jpg]
[cdn.shopify.com/s/files/1/0357/4556/2761/products/OsteGlovesUse_8_120x120ccb2.jpg]
[cdn.shopify.com/s/files/1/0357/4556/2761/products/OsteGlovesUse_7_2048x2048ccb2.jpg]
[cdn.shopify.com/s/files/1/0357/4556/2761/products/OsteGlovesUse_7_120x120ccb2.jpg]
[cdn.shopify.com/s/files/1/0357/4556/2761/products/13_2048x2048ccb2.jpg]
[cdn.shopify.com/s/files/1/0357/4556/2761/products/13_120x120ccb2.jpg]
[cdn.shopify.com/s/files/1/0357/4556/2761/products/OsteoGloves-WithGripX2_7b3de5a9-24a5-4822-a002-b872c7867748_2048x2048ccb2.png]
[cdn.shopify.com/s/files/1/0357/4556/2761/products/OsteoGloves-WithGripX2_7b3de5a9-24a5-4822-a002-b872c7867748_120x120ccb2.png]
[cdn.shopify.com/s/files/1/0357/4556/2761/products/OsteoGloves-WithGripX3_2f75651e-9f45-4137-81ca-0ebfac954d37_2048x2048ccb2.png]
[cdn.shopify.com/s/files/1/0357/4556/2761/products/OsteoGloves-WithGripX3_2f75651e-9f45-4137-81ca-0ebfac954d37_120x120ccb2.png]
[cdn.shopify.com/s/files/1/0357/4556/2761/products/OsteoGloves-NoGripX2_419967b8-0f71-436b-8146-66e1851880f1_2048x2048ccb2.png]
[cdn.shopify.com/s/files/1/0357/4556/2761/products/OsteoGloves-NoGripX2_419967b8-0f71-436b-8146-66e1851880f1_120x120ccb2.png]
[cdn.shopify.com/s/files/1/0357/4556/2761/products/OsteoGloves-NoGripX3_f5a6f61b-3e95-498a-be7b-fdc49ed37c4f_2048x2048ccb2.png]
[cdn.shopify.com/s/files/1/0357/4556/2761/products/OsteoGloves-NoGripX3_f5a6f61b-3e95-498a-be7b-fdc49ed37c4f_120x120ccb2.png]
[cdn.shopify.com/s/files/1/0357/4556/2761/products/OsteoGloves-WithGrip_5556c0a4-598d-4cb0-bc4d-19dc3f2b5c03_2048x2048ccb2.png]
[cdn.shopify.com/s/files/1/0357/4556/2761/products/OsteoGloves-WithGrip_5556c0a4-598d-4cb0-bc4d-19dc3f2b5c03_120x120ccb2.png]
[cdn.shopify.com/s/files/1/0357/4556/2761/products/OsteoGloves-NoGrip_273b6b8f-1859-4581-bc89-4ac1ab875a97_2048x2048ccb2.png]
[cdn.shopify.com/s/files/1/0357/4556/2761/products/OsteoGloves-NoGrip_273b6b8f-1859-4581-bc89-4ac1ab875a97_120x120ccb2.png]
[cdn.shopify.com/s/files/1/0357/4556/2761/products/4_2048x2048ccb2.png]
[cdn.shopify.com/s/files/1/0357/4556/2761/products/4_120x120ccb2.png]
[ucarecdn.com/8342b982-04ae-4757-8a1a-c2098ea97ad4/-/format/auto/-/preview/120x120/-/quality/lighter/Solve the number 1.jpg]
[ucarecdn.com/5059c77a-e771-44ee-b77d-526755b0d4c6/-/format/auto/-/preview/120x120/-/quality/lighter/Solve the number 1.jpg]
[ucarecdn.com/e2cd0147-cd90-400b-96d4-e4798549c18d/-/format/auto/-/preview/120x120/-/quality/lighter/Open Finger Design.jpg]
[ucarecdn.com/040575db-c578-49b0-bcd3-a56481d02330/-/format/auto/-/preview/120x120/-/quality/lighter/Overuse.jpg]
[ucarecdn.com/ad978ced-216a-4d4b-9cd1-de6cb301cc7f/-/format/auto/-/preview/120x120/-/quality/lighter/Arthritis.jpg]
[ucarecdn.com/839d7d23-2e8e-46e2-8731-b634a1e365e2/-/format/auto/-/preview/120x120/-/quality/lighter/Tendonitis.jpg]
[ucarecdn.com/fd1c2454-e1b4-4f7a-a701-7cc5e3b52bf9/-/format/auto/-/preview/120x120/-/quality/lighter/Neuropathy.jpg]
[ucarecdn.com/e5f229d8-76e4-48f3-a42e-9ad2b2e557db/-/format/auto/-/preview/120x120/-/quality/lighter/Numbness.jpg]
[ucarecdn.com/2843f1fb-bc51-4437-ab76-f497af5463bc/-/format/auto/-/preview/120x120/-/quality/lighter/Swelling.jpg]
[ucarecdn.com/9207aa35-6c90-43cb-9af7-12454ed1b7fe/-/format/auto/-/preview/120x120/-/quality/lighter/Rose N.jpg]
[ucarecdn.com/7a94dd4a-f73f-43e9-b574-ac5cd6f5e7fe/-/format/auto/-/preview/120x120/-/quality/lighter/Georgia G..jpg]
[ucarecdn.com/d76afd47-70d8-4ce9-b1ed-5f3e84156f77/-/format/auto/-/preview/120x120/-/quality/lighter/Lex R.jpg]
[www.kenkoback.com/products/osteogloves.html]
[cdn.shopify.com/s/files/1/0357/4556/2761/t/20/assets/gem-page-product-16563086864370.js]
[www.kenkoback.com/products/hemp-pain-relief-cream.oembed]
[cdn.shopify.com/s/files/1/0357/4556/2761/t/20/assets/gem-page-product-1637896987165a.css]
[cdn.shopify.com/s/files/1/0357/4556/2761/products/1201413784486553-WNWPtyLtd-700x700-RD-1.01_120x120e931.png]
[cdn.shopify.com/s/files/1/0357/4556/2761/products/asset2-2_2048x2048e931.jpg]
[cdn.shopify.com/s/files/1/0357/4556/2761/products/asset2-2_120x120e931.jpg]
[cdn.shopify.com/s/files/1/0357/4556/2761/products/1201413784486553-WNWPtyLtd-700x700-RD-1.01_2048x2048e931.png]
[cdn.shopify.com/s/files/1/0357/4556/2761/products/1201413784486553-WNWPtyLtd-700x700-RD-2.01_2048x2048e931.png]
[cdn.shopify.com/s/files/1/0357/4556/2761/products/1201413784486553-WNWPtyLtd-700x700-RD-2.01_120x120e931.png]
[cdn.shopify.com/s/files/1/0357/4556/2761/products/1201413784486553-WNWPtyLtd-700x700-RD-7.01_2048x2048e931.jpg]
[cdn.shopify.com/s/files/1/0357/4556/2761/products/1201413784486553-WNWPtyLtd-700x700-RD-7.01_120x120e931.jpg]
[cdn.shopify.com/s/files/1/0357/4556/2761/products/fullingredient-2_2048x2048e931.jpg]
[cdn.shopify.com/s/files/1/0357/4556/2761/products/fullingredient-2_120x120e931.jpg]
[cdn.shopify.com/s/files/1/0357/4556/2761/products/1201424176971338.5hlAijN1GJeim3FKtatF_height640_2048x2048e931.jpg]
[cdn.shopify.com/s/files/1/0357/4556/2761/products/1201424176971338.5hlAijN1GJeim3FKtatF_height640_120x120e931.jpg]
[cdn.shopify.com/s/files/1/0357/4556/2761/products/1201424176971346.lUkxfSDlgU49pN1JPg8x_height640_2048x2048e931.jpg]
[cdn.shopify.com/s/files/1/0357/4556/2761/products/1201424176971346.lUkxfSDlgU49pN1JPg8x_height640_120x120e931.jpg]
[cdn.shopify.com/s/files/1/0357/4556/2761/products/1201424176971336.atp3WNQTNSG7P5kPGHoS_height640_2048x2048e931.jpg]
[cdn.shopify.com/s/files/1/0357/4556/2761/products/1201424176971336.atp3WNQTNSG7P5kPGHoS_height640_120x120e931.jpg]
[cdn.shopify.com/s/files/1/0357/4556/2761/products/1201424176971340.Xc8k9JaYAdQ6WYoc6XJi_height640_2048x20489c5d.jpg]
[cdn.shopify.com/s/files/1/0357/4556/2761/products/1201424176971340.Xc8k9JaYAdQ6WYoc6XJi_height640_120x1209c5d.jpg]
[cdn.shopify.com/s/files/1/0357/4556/2761/products/PRC2X_2048x20489c5d.jpg]
[cdn.shopify.com/s/files/1/0357/4556/2761/products/PRC2X_120x1209c5d.jpg]
[cdn.shopify.com/s/files/1/0357/4556/2761/products/asset3-2_2048x2048e2d5.jpg]
[cdn.shopify.com/s/files/1/0357/4556/2761/products/asset3-2_120x120e2d5.jpg]
[ucarecdn.com/48b9f5e9-cdaf-4357-9d17-fb12c31a9cde/-/format/auto/-/preview/120x120/-/quality/lighter/1201424176971342.gsD0GSlR4kiQ7tpX1osa_height640.jpg]
[ucarecdn.com/e1399621-dc54-4b9c-a4e6-05481b807142/-/format/auto/-/preview/120x120/-/quality/lighter/prca.jpg]
[ucarecdn.com/3398486e-2893-40ca-8a7e-dd378093e57e/-/format/auto/-/preview/120x120/-/quality/lighter/prca2.jpg]
[ucarecdn.com/ec8654bd-54cf-4628-8a55-0a0663ecda78/-/format/auto/-/preview/120x120/-/quality/lighter/prca3.jpg]
[ucarecdn.com/56ba9e5c-5935-4f14-94f7-1183b29603ef/-/format/auto/-/preview/120x120/-/quality/lighter/prca4.jpg]
[ucarecdn.com/173c0d28-85fd-4ffc-a415-1f7b183f7f84/-/format/auto/-/preview/120x120/-/quality/lighter/Untitled-3.jpg]
[ucarecdn.com/25918af1-54c0-4fb6-85d9-b3cfb8a42058/-/format/auto/-/preview/120x120/-/quality/lighter/Untitled-1.jpg]
[ucarecdn.com/e4d3c9bf-f8cc-44c4-9821-fd876e5fda0e/-/format/auto/-/preview/120x120/-/quality/lighter/Untitled-2.jpg]
[ucarecdn.com/d6d7c9e0-6e96-433e-b325-9ec77861f8e0/-/format/auto/-/preview/120x120/-/quality/lighter/1201424176971342.gsD0GSlR4kiQ7tpX1osa_height640.jpg]
[ucarecdn.com/9e965204-f237-4a4d-b57a-3e56cbe84d2b/-/format/auto/-/preview/120x120/-/quality/lighter/Untitled-3.jpg]
[ucarecdn.com/5d9af659-833d-4109-b0f3-607883076bf9/-/format/auto/-/preview/120x120/-/quality/lighter/Untitled-1.jpg]
[ucarecdn.com/add948b5-8063-4c98-ad35-996428301899/-/format/auto/-/preview/100x100/-/quality/lighter/Untitled-2.jpg]
[www.kenkoback.com/products/hemp-pain-relief-cream.html]
[cdn.shopify.com/s/files/1/0357/4556/2761/t/20/assets/gem-page-product-1637896987cefc.js]
[www.kenkoback.com/products/kenko-gun.oembed]
[cdn.shopify.com/s/files/1/0357/4556/2761/t/20/assets/gem-page-product-1615759959c2db.css]
[cdn.shopify.com/s/files/1/0357/4556/2761/products/download_12_120x12088c0.jpg]
[cdn.shopify.com/s/files/1/0357/4556/2761/products/MassageGun1_120x12087f8.jpg]
[cdn.shopify.com/s/files/1/0357/4556/2761/products/MassageGun2_120x12087f8.jpg]
[cdn.shopify.com/s/files/1/0357/4556/2761/products/MassageGunFeatures_120x12073bb.jpg]
[www.kenkoback.com/products/kenko-gun.html]
[cdn.shopify.com/s/files/1/0357/4556/2761/t/20/assets/gem-page-product-1615759959cefe.js]
[www.kenkoback.com/products/snooze-right.oembed]
[cdn.shopify.com/s/files/1/0357/4556/2761/t/20/assets/gem-page-product-16061180455dd1.css]
[cdn.shopify.com/s/files/1/0357/4556/2761/products/Lifestyle1_120x120eae6.jpg]
[cdn.shopify.com/s/files/1/0357/4556/2761/products/Untitleddesign_6a68f27c-20fe-4fee-9964-d69071fb8254_120x120eae6.jpg]
[cdn.shopify.com/s/files/1/0357/4556/2761/products/snze_1_120x120eae6.jpg]
[cdn.shopify.com/s/files/1/0357/4556/2761/products/SleepingPosition_120x120eae6.jpg]
[cdn.shopify.com/s/files/1/0357/4556/2761/products/PillowUSPs_120x120eae6.jpg]
[cdn.shopify.com/s/files/1/0357/4556/2761/products/PillowSize_120x120eae6.jpg]
[cdn.shopify.com/s/files/1/0357/4556/2761/products/snze2_1_120x120eae6.jpg]
[cdn.shopify.com/s/files/1/0357/4556/2761/products/snze3_1_120x120eae6.jpg]
[www.kenkoback.com/products/snooze-right.html]
[cdn.shopify.com/s/files/1/0357/4556/2761/t/20/assets/gem-page-product-1606118045dc8e.js]
[www.kenkoback.com/products/snooze-right-pro.oembed]
[cdn.shopify.com/s/files/1/0357/4556/2761/t/20/assets/gem-page-product-16110849639ec6.css]
[cdn.shopify.com/s/files/1/0357/4556/2761/products/sleepget1_07418e87-43e8-476c-a4c7-b49e5f16504e_120x1209c03.jpg]
[cdn.shopify.com/s/files/1/0357/4556/2761/products/Lifestyle1_27b9622c-e150-43c9-bfb9-461635d12d26_1_120x12056e2.jpg]
[cdn.shopify.com/s/files/1/0357/4556/2761/products/Lifestyle2_f109fae4-0cfb-4dba-95d6-95cf3399f016_1_120x1209c03.jpg]
[cdn.shopify.com/s/files/1/0357/4556/2761/products/PillowDimensions_1_120x1209c03.jpg]
[cdn.shopify.com/s/files/1/0357/4556/2761/products/x2sleep_e41e29c2-ab3b-4401-83e0-17d8ba3f493d_120x12056e2.jpg]
[cdn.shopify.com/s/files/1/0357/4556/2761/products/bundle_ad4e74e8-ccc2-4363-b704-3e0adc6c29cf_120x12056e2.jpg]
[www.kenkoback.com/products/snooze-right-pro.html]
[cdnjs.cloudflare.com/ajax/libs/font-awesome/4.6.3/css/font-awesome.min.css]
[cdn.shopify.com/s/files/1/0357/4556/2761/t/20/assets/gem-page-product-161108496308cd.js]
[help.shopify.com/assets/manual/customize/soldout-3f7d3ae48a2dd818b6a20b2178586fe6cc6d0a2f2126f51513dca768b1b26509.4f7.delayed]
[d1um8515vdn9kb.cloudfront.net/files/vendor4e0d.css]
[d1um8515vdn9kb.cloudfront.net/images/next.png]
[cdn.shopify.com/s/files/1/0357/4556/2761/t/20/assets/gem-page-product-161440382698b1.css]
[d1um8515vdn9kb.cloudfront.net/libs/css/owl.carousel.min.css]
[d1um8515vdn9kb.cloudfront.net/libs/css/gfaccordion.css]
[cdn.shopify.com/shopifycloud/checkout-web/assets/vendors_app.baseline.en.954db6995929b6f1f646.css]
[cdn.shopify.com/shopifycloud/checkout-web/assets/app.baseline.en.dd733f21b66b59afc26d.css]
[cdn.shopify.com/shopifycloud/checkout-web/assets/Information_Payment_ShopPay.baseline.en.9f248e42bf2a8151ea27.css]
[cdn.shopify.com/shopifycloud/checkout-web/assets/vendors_app.latest.en.4a55be2a1ba1e9a3f4d4.css]
[cdn.shopify.com/shopifycloud/checkout-web/assets/app.latest.en.83ddab5597cf1020db94.css]
[cdn.shopify.com/shopifycloud/checkout-web/assets/Information_Payment_ShopPay.latest.en.78e2c7ac72fdb66067d0.css]
[cdn.shopify.com/s/files/1/0357/4556/2761/t/20/assets/gem-page-product-1628740543ef2c.css]
[d1um8515vdn9kb.cloudfront.net/files/gfv1animate.min.css]
[cdn.shopify.com/s/files/1/0357/4556/2761/t/20/assets/gem-page-product-16164759635b14.css]
[d1um8515vdn9kb.cloudfront.net/libs/js/jquery.magnific-popup/magnific-popup.css]
[cdn.shopify.com/s/files/1/0357/4556/2761/t/20/assets/gem-page-product-16063371344840.css]
[cdn.shopify.com/s/files/1/0357/4556/2761/t/20/assets/gem-page-product-16185274428600.css]
[cdn.shopify.com/s/files/1/0357/4556/2761/t/20/assets/gem-page-product-16354057709ee6.css]
[cdn.shopify.com/s/files/1/0357/4556/2761/t/20/assets/gem-page-product-1599643094032b.css]
[cdn.shopify.com/s/files/1/0357/4556/2761/t/20/assets/gem-page-product-1626845476fe9d.css]
[cdn.shopify.com/s/files/1/0357/4556/2761/t/20/assets/gem-page-product-16351953233ea7.css]
[cdn.shopify.com/shopifycloud/checkout-web/assets/vendors_app.baseline.en.da552f3928a24ae32f87.css]
[cdn.shopify.com/shopifycloud/checkout-web/assets/app.baseline.en.e09138a81459c5c0f118.css]
[cdn.shopify.com/shopifycloud/checkout-web/assets/Information_Payment_ShopPay.baseline.en.b9cdf9f4140af0ef41f2.css]
[cdn.shopify.com/s/files/1/0357/4556/2761/t/20/assets/gem-page-product-1624336023cbd8.css]
[cdn.shopify.com/s/files/1/0357/4556/2761/t/20/assets/gem-page-product-163540101154f1.css]
[cdn.shopify.com/s/files/1/0357/4556/2761/t/20/assets/gem-page-product-1656593095e85e.css]
[cdn.shopify.com/s/files/1/0357/4556/2761/t/20/assets/gem-page-product-16486053989c29.css]
[cdn.shopify.com/s/files/1/0357/4556/2761/t/20/assets/gem-page-product-16486217820bc5.css]
[cdn.shopify.com/s/files/1/0357/4556/2761/t/20/assets/gem-page-product-1635408516d110.css]
[cdn.shopify.com/s/files/1/0357/4556/2761/t/20/assets/gem-page-product-1645159297cd2a.css]
[info.kenkoback.com/hosted/images/5b/a44daa645343e7b8c808a2b4c4c5ad/1201386235968598---WNW-Pty-LTD---1x1---GS---1.02_2.html]
[info.kenkoback.com/hosted/images/ea/1944d9776f48988800087b8fa742fe/1201386235968598---WNW-Pty-LTD---1x1---GS---2.01_2.html]
[info.kenkoback.com/hosted/images/2f/440623702c4ca89121b8a48b852bc3/1201386235968598---WNW-Pty-LTD---1x1---GS---4.02_2.html]
[cdn.shopify.com/s/files/1/0357/4556/2761/t/20/assets/gem-page-product-16352045213dad.css]
[cdn.shopify.com/s/files/1/0357/4556/2761/t/20/assets/gem-page-product-1620187929775e.css]
[cdn.shopify.com/s/files/1/0357/4556/2761/t/20/assets/gem-page-product-16563086860d62.css]
[cdn.shopify.com/s/files/1/0357/4556/2761/t/20/assets/gem-page-product-1637896987165a.css]
[cdn.shopify.com/s/files/1/0357/4556/2761/t/20/assets/gem-page-product-1615759959c2db.css]
[cdn.shopify.com/s/files/1/0357/4556/2761/t/20/assets/gem-page-product-16061180455dd1.css]
[cdn.shopify.com/s/files/1/0357/4556/2761/t/20/assets/gem-page-product-16110849639ec6.css]
[help.shopify.com/assets/manual/customize/soldout-3f7d3ae48a2dd818b6a20b2178586fe6cc6d0a2f2126f51513dca768b1b26509.html]
[d1um8515vdn9kb.cloudfront.net/libs/css/{ $owl-image-path } owl.video.play.png]
